Error: Test error
    at ThrowError (/Users/rory/work/gateway/ZLM-gateway/frontend/src/components/common/ErrorBoundary/__tests__/ErrorBoundary.test.tsx:7:15)
    at renderWithHooks (/Users/rory/work/gateway/ZLM-gateway/frontend/node_modules/react-dom/cjs/react-dom.development.js:15486:18)
    at mountIndeterminateComponent (/Users/rory/work/gateway/ZLM-gateway/frontend/node_modules/react-dom/cjs/react-dom.development.js:20103:13)
    at beginWork (/Users/rory/work/gateway/ZLM-gateway/frontend/node_modules/react-dom/cjs/react-dom.development.js:21626:16)
    at HTMLUnknownElement.callCallback (/Users/rory/work/gateway/ZLM-gateway/frontend/node_modules/react-dom/cjs/react-dom.development.js:4164:14)
    at HTMLUnknownElement.callTheUserObjectsOperation (/Users/rory/work/gateway/ZLM-gateway/frontend/node_modules/jsdom/lib/jsdom/living/generated/EventListener.js:26:30)
    at innerInvokeEventListeners (/Users/rory/work/gateway/ZLM-gateway/frontend/node_modules/jsdom/lib/jsdom/living/events/EventTarget-impl.js:360:16)
    at invokeEventListeners (/Users/rory/work/gateway/ZLM-gateway/frontend/node_modules/jsdom/lib/jsdom/living/events/EventTarget-impl.js:296:3)
    at HTMLUnknownElementImpl._dispatch (/Users/rory/work/gateway/ZLM-gateway/frontend/node_modules/jsdom/lib/jsdom/living/events/EventTarget-impl.js:243:9)
    at HTMLUnknownElementImpl.dispatchEvent (/Users/rory/work/gateway/ZLM-gateway/frontend/node_modules/jsdom/lib/jsdom/living/events/EventTarget-impl.js:114:17)
Error: Test error
    at ThrowError (/Users/rory/work/gateway/ZLM-gateway/frontend/src/components/common/ErrorBoundary/__tests__/ErrorBoundary.test.tsx:7:15)
    at renderWithHooks (/Users/rory/work/gateway/ZLM-gateway/frontend/node_modules/react-dom/cjs/react-dom.development.js:15486:18)
    at mountIndeterminateComponent (/Users/rory/work/gateway/ZLM-gateway/frontend/node_modules/react-dom/cjs/react-dom.development.js:20103:13)
    at beginWork (/Users/rory/work/gateway/ZLM-gateway/frontend/node_modules/react-dom/cjs/react-dom.development.js:21626:16)
    at HTMLUnknownElement.callCallback (/Users/rory/work/gateway/ZLM-gateway/frontend/node_modules/react-dom/cjs/react-dom.development.js:4164:14)
    at HTMLUnknownElement.callTheUserObjectsOperation (/Users/rory/work/gateway/ZLM-gateway/frontend/node_modules/jsdom/lib/jsdom/living/generated/EventListener.js:26:30)
    at innerInvokeEventListeners (/Users/rory/work/gateway/ZLM-gateway/frontend/node_modules/jsdom/lib/jsdom/living/events/EventTarget-impl.js:360:16)
    at invokeEventListeners (/Users/rory/work/gateway/ZLM-gateway/frontend/node_modules/jsdom/lib/jsdom/living/events/EventTarget-impl.js:296:3)
    at HTMLUnknownElementImpl._dispatch (/Users/rory/work/gateway/ZLM-gateway/frontend/node_modules/jsdom/lib/jsdom/living/events/EventTarget-impl.js:243:9)
    at HTMLUnknownElementImpl.dispatchEvent (/Users/rory/work/gateway/ZLM-gateway/frontend/node_modules/jsdom/lib/jsdom/living/events/EventTarget-impl.js:114:17)
Error: Test error
    at ThrowError (/Users/rory/work/gateway/ZLM-gateway/frontend/src/components/common/ErrorBoundary/__tests__/ErrorBoundary.test.tsx:7:15)
    at renderWithHooks (/Users/rory/work/gateway/ZLM-gateway/frontend/node_modules/react-dom/cjs/react-dom.development.js:15486:18)
    at mountIndeterminateComponent (/Users/rory/work/gateway/ZLM-gateway/frontend/node_modules/react-dom/cjs/react-dom.development.js:20103:13)
    at beginWork (/Users/rory/work/gateway/ZLM-gateway/frontend/node_modules/react-dom/cjs/react-dom.development.js:21626:16)
    at HTMLUnknownElement.callCallback (/Users/rory/work/gateway/ZLM-gateway/frontend/node_modules/react-dom/cjs/react-dom.development.js:4164:14)
    at HTMLUnknownElement.callTheUserObjectsOperation (/Users/rory/work/gateway/ZLM-gateway/frontend/node_modules/jsdom/lib/jsdom/living/generated/EventListener.js:26:30)
    at innerInvokeEventListeners (/Users/rory/work/gateway/ZLM-gateway/frontend/node_modules/jsdom/lib/jsdom/living/events/EventTarget-impl.js:360:16)
    at invokeEventListeners (/Users/rory/work/gateway/ZLM-gateway/frontend/node_modules/jsdom/lib/jsdom/living/events/EventTarget-impl.js:296:3)
    at HTMLUnknownElementImpl._dispatch (/Users/rory/work/gateway/ZLM-gateway/frontend/node_modules/jsdom/lib/jsdom/living/events/EventTarget-impl.js:243:9)
    at HTMLUnknownElementImpl.dispatchEvent (/Users/rory/work/gateway/ZLM-gateway/frontend/node_modules/jsdom/lib/jsdom/living/events/EventTarget-impl.js:114:17)
Error: Test error
    at ThrowError (/Users/rory/work/gateway/ZLM-gateway/frontend/src/components/common/ErrorBoundary/__tests__/ErrorBoundary.test.tsx:7:15)
    at renderWithHooks (/Users/rory/work/gateway/ZLM-gateway/frontend/node_modules/react-dom/cjs/react-dom.development.js:15486:18)
    at mountIndeterminateComponent (/Users/rory/work/gateway/ZLM-gateway/frontend/node_modules/react-dom/cjs/react-dom.development.js:20103:13)
    at beginWork (/Users/rory/work/gateway/ZLM-gateway/frontend/node_modules/react-dom/cjs/react-dom.development.js:21626:16)
    at HTMLUnknownElement.callCallback (/Users/rory/work/gateway/ZLM-gateway/frontend/node_modules/react-dom/cjs/react-dom.development.js:4164:14)
    at HTMLUnknownElement.callTheUserObjectsOperation (/Users/rory/work/gateway/ZLM-gateway/frontend/node_modules/jsdom/lib/jsdom/living/generated/EventListener.js:26:30)
    at innerInvokeEventListeners (/Users/rory/work/gateway/ZLM-gateway/frontend/node_modules/jsdom/lib/jsdom/living/events/EventTarget-impl.js:360:16)
    at invokeEventListeners (/Users/rory/work/gateway/ZLM-gateway/frontend/node_modules/jsdom/lib/jsdom/living/events/EventTarget-impl.js:296:3)
    at HTMLUnknownElementImpl._dispatch (/Users/rory/work/gateway/ZLM-gateway/frontend/node_modules/jsdom/lib/jsdom/living/events/EventTarget-impl.js:243:9)
    at HTMLUnknownElementImpl.dispatchEvent (/Users/rory/work/gateway/ZLM-gateway/frontend/node_modules/jsdom/lib/jsdom/living/events/EventTarget-impl.js:114:17)
{"numTotalTestSuites":67,"numPassedTestSuites":67,"numFailedTestSuites":0,"numPendingTestSuites":0,"numTotalTests":148,"numPassedTests":148,"numFailedTests":0,"numPendingTests":0,"numTodoTests":0,"snapshot":{"added":0,"failure":false,"filesAdded":0,"filesRemoved":0,"filesRemovedList":[],"filesUnmatched":0,"filesUpdated":0,"matched":0,"total":0,"unchecked":0,"uncheckedKeysByFile":[],"unmatched":0,"updated":0,"didUpdate":false},"startTime":1763748709148,"success":true,"testResults":[{"assertionResults":[{"ancestorTitles":["Alerts API","getAlerts"],"fullName":"Alerts API getAlerts should fetch alerts without limit","status":"passed","title":"should fetch alerts without limit","duration":7.638125000000002,"failureMessages":[],"meta":{}},{"ancestorTitles":["Alerts API","getAlerts"],"fullName":"Alerts API getAlerts should fetch alerts with limit","status":"passed","title":"should fetch alerts with limit","duration":0.23170900000002348,"failureMessages":[],"meta":{}},{"ancestorTitles":["Alerts API","getAlertStatistics"],"fullName":"Alerts API getAlertStatistics should fetch alert statistics","status":"passed","title":"should fetch alert statistics","duration":0.1179580000000442,"failureMessages":[],"meta":{}},{"ancestorTitles":["Alerts API","addAlertRule"],"fullName":"Alerts API addAlertRule should add an alert rule","status":"passed","title":"should add an alert rule","duration":0.10620800000003783,"failureMessages":[],"meta":{}},{"ancestorTitles":["Alerts API","deleteAlertRule"],"fullName":"Alerts API deleteAlertRule should delete an alert rule","status":"passed","title":"should delete an alert rule","duration":0.08187500000002501,"failureMessages":[],"meta":{}}],"startTime":1763748711987,"endTime":1763748711995.2317,"status":"passed","message":"","name":"/Users/rory/work/gateway/ZLM-gateway/frontend/src/api/__tests__/alerts.test.ts"},{"assertionResults":[{"ancestorTitles":["API Client","Request Interceptor"],"fullName":"API Client Request Interceptor should pass through config unchanged","status":"passed","title":"should pass through config unchanged","duration":70.61775,"failureMessages":[],"meta":{}},{"ancestorTitles":["API Client","Request Interceptor"],"fullName":"API Client Request Interceptor should reject on request error","status":"passed","title":"should reject on request error","duration":6.996417000000065,"failureMessages":[],"meta":{}},{"ancestorTitles":["API Client","Response Interceptor - Business Logic"],"fullName":"API Client Response Interceptor - Business Logic should handle successful response with code 0","status":"passed","title":"should handle successful response with code 0","duration":1.0420409999999265,"failureMessages":[],"meta":{}},{"ancestorTitles":["API Client","Response Interceptor - Business Logic"],"fullName":"API Client Response Interceptor - Business Logic should show error and reject when code is not 0","status":"passed","title":"should show error and reject when code is not 0","duration":0.9780840000000808,"failureMessages":[],"meta":{}},{"ancestorTitles":["API Client","Response Interceptor - Business Logic"],"fullName":"API Client Response Interceptor - Business Logic should use default error message when msg is empty","status":"passed","title":"should use default error message when msg is empty","duration":0.6528329999999869,"failureMessages":[],"meta":{}},{"ancestorTitles":["API Client","Error Handling - HTTP Status Codes"],"fullName":"API Client Error Handling - HTTP Status Codes should handle 400 Bad Request","status":"passed","title":"should handle 400 Bad Request","duration":0.8163339999999835,"failureMessages":[],"meta":{}},{"ancestorTitles":["API Client","Error Handling - HTTP Status Codes"],"fullName":"API Client Error Handling - HTTP Status Codes should handle 401 Unauthorized","status":"passed","title":"should handle 401 Unauthorized","duration":0.5710000000000264,"failureMessages":[],"meta":{}},{"ancestorTitles":["API Client","Error Handling - HTTP Status Codes"],"fullName":"API Client Error Handling - HTTP Status Codes should handle 403 Forbidden","status":"passed","title":"should handle 403 Forbidden","duration":0.6317500000000109,"failureMessages":[],"meta":{}},{"ancestorTitles":["API Client","Error Handling - HTTP Status Codes"],"fullName":"API Client Error Handling - HTTP Status Codes should handle 404 Not Found","status":"passed","title":"should handle 404 Not Found","duration":0.661542000000054,"failureMessages":[],"meta":{}},{"ancestorTitles":["API Client","Error Handling - HTTP Status Codes"],"fullName":"API Client Error Handling - HTTP Status Codes should handle 500 Internal Server Error","status":"passed","title":"should handle 500 Internal Server Error","duration":0.36295800000004874,"failureMessages":[],"meta":{}},{"ancestorTitles":["API Client","Error Handling - HTTP Status Codes"],"fullName":"API Client Error Handling - HTTP Status Codes should handle other HTTP status codes","status":"passed","title":"should handle other HTTP status codes","duration":0.6132499999999936,"failureMessages":[],"meta":{}},{"ancestorTitles":["API Client","Error Handling - Network and Configuration"],"fullName":"API Client Error Handling - Network and Configuration should handle network errors (no response)","status":"passed","title":"should handle network errors (no response)","duration":0.7302919999999631,"failureMessages":[],"meta":{}},{"ancestorTitles":["API Client","Error Handling - Network and Configuration"],"fullName":"API Client Error Handling - Network and Configuration should handle request configuration errors","status":"passed","title":"should handle request configuration errors","duration":0.6340420000000222,"failureMessages":[],"meta":{}}],"startTime":1763748711935,"endTime":1763748712020.634,"status":"passed","message":"","name":"/Users/rory/work/gateway/ZLM-gateway/frontend/src/api/__tests__/client.test.ts"},{"assertionResults":[{"ancestorTitles":["Devices API","ONVIF"],"fullName":"Devices API ONVIF discoverONVIF should call correct endpoint","status":"passed","title":"discoverONVIF should call correct endpoint","duration":1.522375000000011,"failureMessages":[],"meta":{}},{"ancestorTitles":["Devices API","ONVIF"],"fullName":"Devices API ONVIF getONVIFDevices should call correct endpoint","status":"passed","title":"getONVIFDevices should call correct endpoint","duration":0.17916700000000674,"failureMessages":[],"meta":{}},{"ancestorTitles":["Devices API","ONVIF"],"fullName":"Devices API ONVIF getONVIFDevice should call correct endpoint","status":"passed","title":"getONVIFDevice should call correct endpoint","duration":0.09058399999997846,"failureMessages":[],"meta":{}},{"ancestorTitles":["Devices API","ONVIF"],"fullName":"Devices API ONVIF getONVIFDeviceStreams should call correct endpoint","status":"passed","title":"getONVIFDeviceStreams should call correct endpoint","duration":0.0707079999999678,"failureMessages":[],"meta":{}},{"ancestorTitles":["Devices API","ONVIF"],"fullName":"Devices API ONVIF startONVIFDeviceStream should call correct endpoint","status":"passed","title":"startONVIFDeviceStream should call correct endpoint","duration":0.12512500000002547,"failureMessages":[],"meta":{}},{"ancestorTitles":["Devices API","ISAPI"],"fullName":"Devices API ISAPI discoverISAPI should call correct endpoint","status":"passed","title":"discoverISAPI should call correct endpoint","duration":0.0977500000000191,"failureMessages":[],"meta":{}},{"ancestorTitles":["Devices API","ISAPI"],"fullName":"Devices API ISAPI getISAPIDevices should call correct endpoint","status":"passed","title":"getISAPIDevices should call correct endpoint","duration":0.06770900000003621,"failureMessages":[],"meta":{}},{"ancestorTitles":["Devices API","ISAPI"],"fullName":"Devices API ISAPI getISAPIDevice should call correct endpoint","status":"passed","title":"getISAPIDevice should call correct endpoint","duration":0.06045800000003965,"failureMessages":[],"meta":{}},{"ancestorTitles":["Devices API","ISAPI"],"fullName":"Devices API ISAPI getISAPIDeviceStreams should call correct endpoint","status":"passed","title":"getISAPIDeviceStreams should call correct endpoint","duration":0.06841700000001083,"failureMessages":[],"meta":{}},{"ancestorTitles":["Devices API","ISAPI"],"fullName":"Devices API ISAPI startISAPIDeviceStream should call correct endpoint","status":"passed","title":"startISAPIDeviceStream should call correct endpoint","duration":0.07783299999999826,"failureMessages":[],"meta":{}},{"ancestorTitles":["Devices API","Dahua"],"fullName":"Devices API Dahua discoverDahua should call correct endpoint","status":"passed","title":"discoverDahua should call correct endpoint","duration":0.09158300000001418,"failureMessages":[],"meta":{}},{"ancestorTitles":["Devices API","Dahua"],"fullName":"Devices API Dahua getDahuaDevices should call correct endpoint","status":"passed","title":"getDahuaDevices should call correct endpoint","duration":0.06037500000002183,"failureMessages":[],"meta":{}},{"ancestorTitles":["Devices API","Dahua"],"fullName":"Devices API Dahua getDahuaDevice should call correct endpoint","status":"passed","title":"getDahuaDevice should call correct endpoint","duration":0.06145899999995663,"failureMessages":[],"meta":{}},{"ancestorTitles":["Devices API","Dahua"],"fullName":"Devices API Dahua getDahuaDeviceStreams should call correct endpoint","status":"passed","title":"getDahuaDeviceStreams should call correct endpoint","duration":0.05587500000001455,"failureMessages":[],"meta":{}},{"ancestorTitles":["Devices API","Dahua"],"fullName":"Devices API Dahua startDahuaDeviceStream should call correct endpoint","status":"passed","title":"startDahuaDeviceStream should call correct endpoint","duration":0.07337499999999864,"failureMessages":[],"meta":{}},{"ancestorTitles":["Devices API","PSIA"],"fullName":"Devices API PSIA discoverPSIA should call correct endpoint","status":"passed","title":"discoverPSIA should call correct endpoint","duration":0.086749999999995,"failureMessages":[],"meta":{}},{"ancestorTitles":["Devices API","PSIA"],"fullName":"Devices API PSIA getPSIADevices should call correct endpoint","status":"passed","title":"getPSIADevices should call correct endpoint","duration":0.05837500000001228,"failureMessages":[],"meta":{}},{"ancestorTitles":["Devices API","PSIA"],"fullName":"Devices API PSIA getPSIADevice should call correct endpoint","status":"passed","title":"getPSIADevice should call correct endpoint","duration":0.06274999999999409,"failureMessages":[],"meta":{}},{"ancestorTitles":["Devices API","PSIA"],"fullName":"Devices API PSIA getPSIADeviceStreams should call correct endpoint","status":"passed","title":"getPSIADeviceStreams should call correct endpoint","duration":0.058708000000024185,"failureMessages":[],"meta":{}},{"ancestorTitles":["Devices API","PSIA"],"fullName":"Devices API PSIA startPSIADeviceStream should call correct endpoint","status":"passed","title":"startPSIADeviceStream should call correct endpoint","duration":0.07887500000003911,"failureMessages":[],"meta":{}},{"ancestorTitles":["Devices API","discoverDevices"],"fullName":"Devices API discoverDevices should call discoverONVIF for onvif protocol","status":"passed","title":"should call discoverONVIF for onvif protocol","duration":0.11266699999998764,"failureMessages":[],"meta":{}},{"ancestorTitles":["Devices API","discoverDevices"],"fullName":"Devices API discoverDevices should call discoverISAPI for isapi protocol","status":"passed","title":"should call discoverISAPI for isapi protocol","duration":0.07887499999998226,"failureMessages":[],"meta":{}},{"ancestorTitles":["Devices API","discoverDevices"],"fullName":"Devices API discoverDevices should throw error for isapi without ipRange","status":"passed","title":"should throw error for isapi without ipRange","duration":0.7990839999999935,"failureMessages":[],"meta":{}},{"ancestorTitles":["Devices API","discoverDevices"],"fullName":"Devices API discoverDevices should call discoverDahua for dahua protocol","status":"passed","title":"should call discoverDahua for dahua protocol","duration":0.09474999999997635,"failureMessages":[],"meta":{}},{"ancestorTitles":["Devices API","discoverDevices"],"fullName":"Devices API discoverDevices should throw error for dahua without credentials","status":"passed","title":"should throw error for dahua without credentials","duration":0.09537499999999,"failureMessages":[],"meta":{}},{"ancestorTitles":["Devices API","discoverDevices"],"fullName":"Devices API discoverDevices should call discoverPSIA for psia protocol","status":"passed","title":"should call discoverPSIA for psia protocol","duration":0.06270899999998392,"failureMessages":[],"meta":{}},{"ancestorTitles":["Devices API","discoverDevices"],"fullName":"Devices API discoverDevices should throw error for psia without credentials","status":"passed","title":"should throw error for psia without credentials","duration":0.07187499999997726,"failureMessages":[],"meta":{}},{"ancestorTitles":["Devices API","discoverDevices"],"fullName":"Devices API discoverDevices should throw error for unsupported protocol","status":"passed","title":"should throw error for unsupported protocol","duration":0.06887499999999136,"failureMessages":[],"meta":{}}],"startTime":1763748712128,"endTime":1763748712133.0718,"status":"passed","message":"","name":"/Users/rory/work/gateway/ZLM-gateway/frontend/src/api/__tests__/devices.test.ts"},{"assertionResults":[{"ancestorTitles":["Health API"],"fullName":"Health API checkHealth should call correct endpoint","status":"passed","title":"checkHealth should call correct endpoint","duration":1.2783749999999827,"failureMessages":[],"meta":{}}],"startTime":1763748712266,"endTime":1763748712267.2783,"status":"passed","message":"","name":"/Users/rory/work/gateway/ZLM-gateway/frontend/src/api/__tests__/health.test.ts"},{"assertionResults":[{"ancestorTitles":["Monitoring API","getSystemStats"],"fullName":"Monitoring API getSystemStats should call correct endpoint","status":"passed","title":"should call correct endpoint","duration":1.3230839999999944,"failureMessages":[],"meta":{}},{"ancestorTitles":["Monitoring API","getStreamStats"],"fullName":"Monitoring API getStreamStats should call correct endpoint","status":"passed","title":"should call correct endpoint","duration":0.15491599999995742,"failureMessages":[],"meta":{}},{"ancestorTitles":["Monitoring API","getStreamStat"],"fullName":"Monitoring API getStreamStat should call correct endpoint","status":"passed","title":"should call correct endpoint","duration":0.09770800000001145,"failureMessages":[],"meta":{}},{"ancestorTitles":["Monitoring API","getProtocolStats"],"fullName":"Monitoring API getProtocolStats should call correct endpoint","status":"passed","title":"should call correct endpoint","duration":0.0851669999999558,"failureMessages":[],"meta":{}},{"ancestorTitles":["Monitoring API","getErrorStats"],"fullName":"Monitoring API getErrorStats should call correct endpoint","status":"passed","title":"should call correct endpoint","duration":0.08404200000006767,"failureMessages":[],"meta":{}},{"ancestorTitles":["Monitoring API","getDashboardData"],"fullName":"Monitoring API getDashboardData should map backend response to frontend interface","status":"passed","title":"should map backend response to frontend interface","duration":0.5753750000000082,"failureMessages":[],"meta":{}},{"ancestorTitles":["Monitoring API","getDashboardData"],"fullName":"Monitoring API getDashboardData should handle missing system data gracefully","status":"passed","title":"should handle missing system data gracefully","duration":0.14112499999998818,"failureMessages":[],"meta":{}},{"ancestorTitles":["Monitoring API","getDashboardData"],"fullName":"Monitoring API getDashboardData should handle partial system data","status":"passed","title":"should handle partial system data","duration":0.0757499999999709,"failureMessages":[],"meta":{}}],"startTime":1763748712113,"endTime":1763748712116.141,"status":"passed","message":"","name":"/Users/rory/work/gateway/ZLM-gateway/frontend/src/api/__tests__/monitoring.test.ts"},{"assertionResults":[{"ancestorTitles":["Streams API","getStreams"],"fullName":"Streams API getStreams should fetch all streams","status":"passed","title":"should fetch all streams","duration":1.3212499999999636,"failureMessages":[],"meta":{}},{"ancestorTitles":["Streams API","getStreamDetail"],"fullName":"Streams API getStreamDetail should fetch stream detail for specific app and stream","status":"passed","title":"should fetch stream detail for specific app and stream","duration":0.17195800000001782,"failureMessages":[],"meta":{}},{"ancestorTitles":["Streams API","startStream"],"fullName":"Streams API startStream should start a stream with request data","status":"passed","title":"should start a stream with request data","duration":0.25108299999999417,"failureMessages":[],"meta":{}},{"ancestorTitles":["Streams API","stopStream"],"fullName":"Streams API stopStream should stop a stream","status":"passed","title":"should stop a stream","duration":0.09770800000001145,"failureMessages":[],"meta":{}}],"startTime":1763748712253,"endTime":1763748712255.251,"status":"passed","message":"","name":"/Users/rory/work/gateway/ZLM-gateway/frontend/src/api/__tests__/streams.test.ts"},{"assertionResults":[{"ancestorTitles":["Dashboard Integration"],"fullName":"Dashboard Integration renders dashboard with complete data","status":"passed","title":"renders dashboard with complete data","duration":435.6389589999999,"failureMessages":[],"meta":{}},{"ancestorTitles":["Dashboard Integration"],"fullName":"Dashboard Integration shows loading state while fetching data","status":"passed","title":"shows loading state while fetching data","duration":38.32954199999995,"failureMessages":[],"meta":{}},{"ancestorTitles":["Dashboard Integration"],"fullName":"Dashboard Integration handles dashboard data fetch error gracefully","status":"passed","title":"handles dashboard data fetch error gracefully","duration":30.198750000000018,"failureMessages":[],"meta":{}},{"ancestorTitles":["Dashboard Integration"],"fullName":"Dashboard Integration handles alerts fetch error independently","status":"passed","title":"handles alerts fetch error independently","duration":35.56800000000021,"failureMessages":[],"meta":{}},{"ancestorTitles":["Dashboard Integration"],"fullName":"Dashboard Integration renders with empty protocol stats","status":"passed","title":"renders with empty protocol stats","duration":30.50104199999987,"failureMessages":[],"meta":{}},{"ancestorTitles":["Dashboard Integration"],"fullName":"Dashboard Integration renders with no alerts","status":"passed","title":"renders with no alerts","duration":28.088541000000077,"failureMessages":[],"meta":{}}],"startTime":1763748712049,"endTime":1763748712647.0886,"status":"passed","message":"","name":"/Users/rory/work/gateway/ZLM-gateway/frontend/src/pages/__tests__/Dashboard.test.tsx"},{"assertionResults":[{"ancestorTitles":["FLVPlayer null videoRef handling"],"fullName":"FLVPlayer null videoRef handling does not throw when videoRef is null","status":"passed","title":"does not throw when videoRef is null","duration":246.83645799999977,"failureMessages":[],"meta":{}},{"ancestorTitles":["FLVPlayer null videoRef handling"],"fullName":"FLVPlayer null videoRef handling does not throw when playerRef is null on cleanup","status":"passed","title":"does not throw when playerRef is null on cleanup","duration":7.836707999999817,"failureMessages":[],"meta":{}}],"startTime":1763748711062,"endTime":1763748711316.8367,"status":"passed","message":"","name":"/Users/rory/work/gateway/ZLM-gateway/frontend/src/components/video/__tests__/FLVPlayer.nullref.test.tsx"},{"assertionResults":[{"ancestorTitles":["FLVPlayer"],"fullName":"FLVPlayer renders video element","status":"passed","title":"renders video element","duration":284.1468749999999,"failureMessages":[],"meta":{}},{"ancestorTitles":["FLVPlayer"],"fullName":"FLVPlayer shows loading spinner initially","status":"passed","title":"shows loading spinner initially","duration":10.264500000000226,"failureMessages":[],"meta":{}},{"ancestorTitles":["FLVPlayer"],"fullName":"FLVPlayer applies custom styles","status":"passed","title":"applies custom styles","duration":11.292833999999857,"failureMessages":[],"meta":{}},{"ancestorTitles":["FLVPlayer"],"fullName":"FLVPlayer renders video with controls by default","status":"passed","title":"renders video with controls by default","duration":11.682291000000077,"failureMessages":[],"meta":{}},{"ancestorTitles":["FLVPlayer"],"fullName":"FLVPlayer renders video without controls when disabled","status":"passed","title":"renders video without controls when disabled","duration":25.896374999999807,"failureMessages":[],"meta":{}},{"ancestorTitles":["FLVPlayer"],"fullName":"FLVPlayer shows error when browser does not support FLV","status":"passed","title":"shows error when browser does not support FLV","duration":33.60425000000032,"failureMessages":[],"meta":{}},{"ancestorTitles":["FLVPlayer"],"fullName":"FLVPlayer creates player and attaches to video element","status":"passed","title":"creates player and attaches to video element","duration":11.033707999999933,"failureMessages":[],"meta":{}},{"ancestorTitles":["FLVPlayer"],"fullName":"FLVPlayer handles loadedmetadata event","status":"passed","title":"handles loadedmetadata event","duration":13.61291700000038,"failureMessages":[],"meta":{}},{"ancestorTitles":["FLVPlayer"],"fullName":"FLVPlayer auto-plays when autoPlay is true","status":"passed","title":"auto-plays when autoPlay is true","duration":13.618916999999783,"failureMessages":[],"meta":{}},{"ancestorTitles":["FLVPlayer"],"fullName":"FLVPlayer handles play failure without crashing","status":"passed","title":"handles play failure without crashing","duration":16.02208299999984,"failureMessages":[],"meta":{}},{"ancestorTitles":["FLVPlayer"],"fullName":"FLVPlayer handles error callback from FLV player","status":"passed","title":"handles error callback from FLV player","duration":23.51329100000021,"failureMessages":[],"meta":{}},{"ancestorTitles":["FLVPlayer"],"fullName":"FLVPlayer cleans up player on unmount","status":"passed","title":"cleans up player on unmount","duration":8.849874999999884,"failureMessages":[],"meta":{}}],"startTime":1763748711079,"endTime":1763748711542.8499,"status":"passed","message":"","name":"/Users/rory/work/gateway/ZLM-gateway/frontend/src/components/video/__tests__/FLVPlayer.test.tsx"},{"assertionResults":[{"ancestorTitles":["HLSPlayer null videoRef handling"],"fullName":"HLSPlayer null videoRef handling does not throw when videoRef is null","status":"passed","title":"does not throw when videoRef is null","duration":291.12137500000017,"failureMessages":[],"meta":{}},{"ancestorTitles":["HLSPlayer null videoRef handling"],"fullName":"HLSPlayer null videoRef handling does not throw when hlsRef is null on cleanup","status":"passed","title":"does not throw when hlsRef is null on cleanup","duration":8.552250000000186,"failureMessages":[],"meta":{}}],"startTime":1763748711066,"endTime":1763748711365.5522,"status":"passed","message":"","name":"/Users/rory/work/gateway/ZLM-gateway/frontend/src/components/video/__tests__/HLSPlayer.nullref.test.tsx"},{"assertionResults":[{"ancestorTitles":["HLSPlayer"],"fullName":"HLSPlayer renders video element","status":"passed","title":"renders video element","duration":238.455917,"failureMessages":[],"meta":{}},{"ancestorTitles":["HLSPlayer"],"fullName":"HLSPlayer shows loading spinner initially","status":"passed","title":"shows loading spinner initially","duration":35.308250000000044,"failureMessages":[],"meta":{}},{"ancestorTitles":["HLSPlayer"],"fullName":"HLSPlayer applies custom styles","status":"passed","title":"applies custom styles","duration":30.555875000000015,"failureMessages":[],"meta":{}},{"ancestorTitles":["HLSPlayer"],"fullName":"HLSPlayer renders video without controls when disabled","status":"passed","title":"renders video without controls when disabled","duration":14.344458000000031,"failureMessages":[],"meta":{}},{"ancestorTitles":["HLSPlayer"],"fullName":"HLSPlayer renders video with controls by default","status":"passed","title":"renders video with controls by default","duration":5.7645840000000135,"failureMessages":[],"meta":{}},{"ancestorTitles":["HLSPlayer"],"fullName":"HLSPlayer shows error when browser does not support HLS","status":"passed","title":"shows error when browser does not support HLS","duration":45.74850000000015,"failureMessages":[],"meta":{}},{"ancestorTitles":["HLSPlayer"],"fullName":"HLSPlayer uses native HLS on Safari (when hls.js not supported)","status":"passed","title":"uses native HLS on Safari (when hls.js not supported)","duration":30.23799999999983,"failureMessages":[],"meta":{}},{"ancestorTitles":["HLSPlayer"],"fullName":"HLSPlayer handles loadedmetadata event on Safari native HLS","status":"passed","title":"handles loadedmetadata event on Safari native HLS","duration":33.73900000000003,"failureMessages":[],"meta":{}},{"ancestorTitles":["HLSPlayer"],"fullName":"HLSPlayer auto-plays on Safari when autoPlay is true","status":"passed","title":"auto-plays on Safari when autoPlay is true","duration":15.869833000000199,"failureMessages":[],"meta":{}},{"ancestorTitles":["HLSPlayer"],"fullName":"HLSPlayer handles play failure on Safari without crashing","status":"passed","title":"handles play failure on Safari without crashing","duration":15.099791000000096,"failureMessages":[],"meta":{}},{"ancestorTitles":["HLSPlayer"],"fullName":"HLSPlayer auto-plays with HLS.js when autoPlay is true","status":"passed","title":"auto-plays with HLS.js when autoPlay is true","duration":7.953958000000057,"failureMessages":[],"meta":{}},{"ancestorTitles":["HLSPlayer"],"fullName":"HLSPlayer does not auto-play with HLS.js when autoPlay is false","status":"passed","title":"does not auto-play with HLS.js when autoPlay is false","duration":8.932624999999916,"failureMessages":[],"meta":{}},{"ancestorTitles":["HLSPlayer"],"fullName":"HLSPlayer handles play failure with HLS.js without crashing","status":"passed","title":"handles play failure with HLS.js without crashing","duration":81.13354100000015,"failureMessages":[],"meta":{}},{"ancestorTitles":["HLSPlayer"],"fullName":"HLSPlayer handles network error","status":"passed","title":"handles network error","duration":34.63916599999993,"failureMessages":[],"meta":{}},{"ancestorTitles":["HLSPlayer"],"fullName":"HLSPlayer handles media error and attempts recovery","status":"passed","title":"handles media error and attempts recovery","duration":20.273459000000003,"failureMessages":[],"meta":{}},{"ancestorTitles":["HLSPlayer"],"fullName":"HLSPlayer handles other fatal errors and destroys player","status":"passed","title":"handles other fatal errors and destroys player","duration":23.472375000000284,"failureMessages":[],"meta":{}},{"ancestorTitles":["HLSPlayer"],"fullName":"HLSPlayer ignores non-fatal errors","status":"passed","title":"ignores non-fatal errors","duration":8.471958000000086,"failureMessages":[],"meta":{}},{"ancestorTitles":["HLSPlayer"],"fullName":"HLSPlayer cleans up HLS instance on unmount","status":"passed","title":"cleans up HLS instance on unmount","duration":10.212167000000136,"failureMessages":[],"meta":{}}],"startTime":1763748711061,"endTime":1763748711721.2122,"status":"passed","message":"","name":"/Users/rory/work/gateway/ZLM-gateway/frontend/src/components/video/__tests__/HLSPlayer.test.tsx"},{"assertionResults":[{"ancestorTitles":["AlertList"],"fullName":"AlertList renders alerts list","status":"passed","title":"renders alerts list","duration":333.94187499999975,"failureMessages":[],"meta":{}},{"ancestorTitles":["AlertList"],"fullName":"AlertList shows loading state","status":"passed","title":"shows loading state","duration":50.571500000000015,"failureMessages":[],"meta":{}},{"ancestorTitles":["AlertList"],"fullName":"AlertList shows empty state when no alerts","status":"passed","title":"shows empty state when no alerts","duration":92.82474999999977,"failureMessages":[],"meta":{}},{"ancestorTitles":["AlertList"],"fullName":"AlertList limits number of displayed alerts","status":"passed","title":"limits number of displayed alerts","duration":85.17849999999999,"failureMessages":[],"meta":{}}],"startTime":1763748711099,"endTime":1763748711661.1785,"status":"passed","message":"","name":"/Users/rory/work/gateway/ZLM-gateway/frontend/src/components/dashboard/__tests__/AlertList.test.tsx"},{"assertionResults":[{"ancestorTitles":["ProtocolChart"],"fullName":"ProtocolChart renders chart with data","status":"passed","title":"renders chart with data","duration":198.800708,"failureMessages":[],"meta":{}},{"ancestorTitles":["ProtocolChart"],"fullName":"ProtocolChart renders chart with empty data","status":"passed","title":"renders chart with empty data","duration":6.39733299999989,"failureMessages":[],"meta":{}}],"startTime":1763748711079,"endTime":1763748711284.3972,"status":"passed","message":"","name":"/Users/rory/work/gateway/ZLM-gateway/frontend/src/components/dashboard/__tests__/ProtocolChart.test.tsx"},{"assertionResults":[{"ancestorTitles":["ResourceChart"],"fullName":"ResourceChart renders chart with normal resource usage","status":"passed","title":"renders chart with normal resource usage","duration":281.35345900000016,"failureMessages":[],"meta":{}},{"ancestorTitles":["ResourceChart"],"fullName":"ResourceChart renders with correct colors for high usage (>80%)","status":"passed","title":"renders with correct colors for high usage (>80%)","duration":4.382292000000234,"failureMessages":[],"meta":{}},{"ancestorTitles":["ResourceChart"],"fullName":"ResourceChart renders with correct colors for medium usage (>60% and <=80%)","status":"passed","title":"renders with correct colors for medium usage (>60% and <=80%)","duration":3.8319580000002134,"failureMessages":[],"meta":{}},{"ancestorTitles":["ResourceChart"],"fullName":"ResourceChart renders with correct colors for low usage (<=60%)","status":"passed","title":"renders with correct colors for low usage (<=60%)","duration":3.469082999999955,"failureMessages":[],"meta":{}},{"ancestorTitles":["ResourceChart"],"fullName":"ResourceChart handles missing or zero data gracefully","status":"passed","title":"handles missing or zero data gracefully","duration":3.2893340000000535,"failureMessages":[],"meta":{}},{"ancestorTitles":["ResourceChart"],"fullName":"ResourceChart renders chart with zero resource usage","status":"passed","title":"renders chart with zero resource usage","duration":3.242416999999932,"failureMessages":[],"meta":{}},{"ancestorTitles":["ResourceChart"],"fullName":"ResourceChart renders chart with maximum resource usage","status":"passed","title":"renders chart with maximum resource usage","duration":3.1498750000000655,"failureMessages":[],"meta":{}},{"ancestorTitles":["ResourceChart"],"fullName":"ResourceChart calculates memory percentage correctly","status":"passed","title":"calculates memory percentage correctly","duration":20.227374999999938,"failureMessages":[],"meta":{}},{"ancestorTitles":["ResourceChart"],"fullName":"ResourceChart contains correct chart configuration","status":"passed","title":"contains correct chart configuration","duration":16.55183399999987,"failureMessages":[],"meta":{}},{"ancestorTitles":["ResourceChart"],"fullName":"ResourceChart handles high precision decimal values","status":"passed","title":"handles high precision decimal values","duration":3.5909999999998945,"failureMessages":[],"meta":{}}],"startTime":1763748711117,"endTime":1763748711460.591,"status":"passed","message":"","name":"/Users/rory/work/gateway/ZLM-gateway/frontend/src/components/dashboard/__tests__/ResourceChart.test.tsx"},{"assertionResults":[{"ancestorTitles":["StatsCard"],"fullName":"StatsCard renders basic card with title and value","status":"passed","title":"renders basic card with title and value","duration":140.3228750000003,"failureMessages":[],"meta":{}},{"ancestorTitles":["StatsCard"],"fullName":"StatsCard renders with string value","status":"passed","title":"renders with string value","duration":7.243541000000278,"failureMessages":[],"meta":{}},{"ancestorTitles":["StatsCard"],"fullName":"StatsCard shows loading state","status":"passed","title":"shows loading state","duration":6.453540999999859,"failureMessages":[],"meta":{}},{"ancestorTitles":["StatsCard"],"fullName":"StatsCard renders with up trend","status":"passed","title":"renders with up trend","duration":14.175208999999995,"failureMessages":[],"meta":{}},{"ancestorTitles":["StatsCard"],"fullName":"StatsCard renders with down trend","status":"passed","title":"renders with down trend","duration":11.759167000000161,"failureMessages":[],"meta":{}},{"ancestorTitles":["StatsCard"],"fullName":"StatsCard does not render trend when trendValue is missing","status":"passed","title":"does not render trend when trendValue is missing","duration":5.490374999999858,"failureMessages":[],"meta":{}},{"ancestorTitles":["StatsCard"],"fullName":"StatsCard does not render trend when trend is missing","status":"passed","title":"does not render trend when trend is missing","duration":6.328750000000127,"failureMessages":[],"meta":{}}],"startTime":1763748711960,"endTime":1763748712152.3289,"status":"passed","message":"","name":"/Users/rory/work/gateway/ZLM-gateway/frontend/src/components/dashboard/__tests__/StatsCard.test.tsx"},{"assertionResults":[{"ancestorTitles":["Header"],"fullName":"Header should render the application title","status":"passed","title":"should render the application title","duration":322.71624999999995,"failureMessages":[],"meta":{}},{"ancestorTitles":["Header"],"fullName":"Header should render as a level 4 heading","status":"passed","title":"should render as a level 4 heading","duration":7.738917000000129,"failureMessages":[],"meta":{}}],"startTime":1763748711062,"endTime":1763748711392.739,"status":"passed","message":"","name":"/Users/rory/work/gateway/ZLM-gateway/frontend/src/components/common/Layout/__tests__/Header.test.tsx"},{"assertionResults":[{"ancestorTitles":["Layout"],"fullName":"Layout should render header and sidebar","status":"passed","title":"should render header and sidebar","duration":79.68733300000008,"failureMessages":[],"meta":{}},{"ancestorTitles":["Layout"],"fullName":"Layout should have a content area","status":"passed","title":"should have a content area","duration":5.713875000000144,"failureMessages":[],"meta":{}}],"startTime":1763748712596,"endTime":1763748712681.7139,"status":"passed","message":"","name":"/Users/rory/work/gateway/ZLM-gateway/frontend/src/components/common/Layout/__tests__/Layout.test.tsx"},{"assertionResults":[{"ancestorTitles":["Sidebar"],"fullName":"Sidebar renders all menu items","status":"passed","title":"renders all menu items","duration":215.39175000000023,"failureMessages":[],"meta":{}},{"ancestorTitles":["Sidebar"],"fullName":"Sidebar renders menu icons","status":"passed","title":"renders menu icons","duration":42.65650000000005,"failureMessages":[],"meta":{}},{"ancestorTitles":["Sidebar"],"fullName":"Sidebar navigates when menu item is clicked","status":"passed","title":"navigates when menu item is clicked","duration":90.82091700000001,"failureMessages":[],"meta":{}},{"ancestorTitles":["Sidebar"],"fullName":"Sidebar navigates to devices page when clicked","status":"passed","title":"navigates to devices page when clicked","duration":51.40895800000044,"failureMessages":[],"meta":{}}],"startTime":1763748711984,"endTime":1763748712384.409,"status":"passed","message":"","name":"/Users/rory/work/gateway/ZLM-gateway/frontend/src/components/common/Layout/__tests__/Sidebar.test.tsx"},{"assertionResults":[{"ancestorTitles":["Empty"],"fullName":"Empty should render with default description","status":"passed","title":"should render with default description","duration":82.61474999999996,"failureMessages":[],"meta":{}},{"ancestorTitles":["Empty"],"fullName":"Empty should render with custom description","status":"passed","title":"should render with custom description","duration":4.130832999999939,"failureMessages":[],"meta":{}}],"startTime":1763748712629,"endTime":1763748712716.1309,"status":"passed","message":"","name":"/Users/rory/work/gateway/ZLM-gateway/frontend/src/components/common/Empty/__tests__/Empty.test.tsx"},{"assertionResults":[{"ancestorTitles":["ErrorBoundary"],"fullName":"ErrorBoundary should render children when there is no error","status":"passed","title":"should render children when there is no error","duration":33.8655839999999,"failureMessages":[],"meta":{}},{"ancestorTitles":["ErrorBoundary"],"fullName":"ErrorBoundary should render error UI when child component throws","status":"passed","title":"should render error UI when child component throws","duration":611.6667499999999,"failureMessages":[],"meta":{}},{"ancestorTitles":["ErrorBoundary"],"fullName":"ErrorBoundary should call console.error when error is caught","status":"passed","title":"should call console.error when error is caught","duration":22.18795900000032,"failureMessages":[],"meta":{}}],"startTime":1763748711068,"endTime":1763748711735.188,"status":"passed","message":"","name":"/Users/rory/work/gateway/ZLM-gateway/frontend/src/components/common/ErrorBoundary/__tests__/ErrorBoundary.test.tsx"},{"assertionResults":[{"ancestorTitles":["Loading"],"fullName":"Loading renders spinner","status":"passed","title":"renders spinner","duration":85.24958300000003,"failureMessages":[],"meta":{}},{"ancestorTitles":["Loading"],"fullName":"Loading renders spinner with custom tip","status":"passed","title":"renders spinner with custom tip","duration":5.160999999999831,"failureMessages":[],"meta":{}},{"ancestorTitles":["Loading"],"fullName":"Loading renders spinner with large size","status":"passed","title":"renders spinner with large size","duration":4.0031249999999545,"failureMessages":[],"meta":{}},{"ancestorTitles":["Loading"],"fullName":"Loading renders in fullScreen mode with correct styles","status":"passed","title":"renders in fullScreen mode with correct styles","duration":4.7336669999999685,"failureMessages":[],"meta":{}},{"ancestorTitles":["Loading"],"fullName":"Loading renders in normal mode with correct styles","status":"passed","title":"renders in normal mode with correct styles","duration":4.23824999999988,"failureMessages":[],"meta":{}}],"startTime":1763748712606,"endTime":1763748712709.2383,"status":"passed","message":"","name":"/Users/rory/work/gateway/ZLM-gateway/frontend/src/components/common/Loading/__tests__/Loading.test.tsx"},{"assertionResults":[{"ancestorTitles":["ProtocolBadge"],"fullName":"ProtocolBadge renders native protocol correctly","status":"passed","title":"renders native protocol correctly","duration":241.57945900000004,"failureMessages":[],"meta":{}},{"ancestorTitles":["ProtocolBadge"],"fullName":"ProtocolBadge infers native protocol when gatewayType is missing","status":"passed","title":"infers native protocol when gatewayType is missing","duration":4.790292000000136,"failureMessages":[],"meta":{}},{"ancestorTitles":["ProtocolBadge"],"fullName":"ProtocolBadge renders device protocol correctly","status":"passed","title":"renders device protocol correctly","duration":8.883166999999958,"failureMessages":[],"meta":{}},{"ancestorTitles":["ProtocolBadge"],"fullName":"ProtocolBadge infers device protocol when gatewayType is missing","status":"passed","title":"infers device protocol when gatewayType is missing","duration":4.434500000000298,"failureMessages":[],"meta":{}},{"ancestorTitles":["ProtocolBadge"],"fullName":"ProtocolBadge renders non-native protocol correctly","status":"passed","title":"renders non-native protocol correctly","duration":3.8407500000002983,"failureMessages":[],"meta":{}},{"ancestorTitles":["ProtocolBadge"],"fullName":"ProtocolBadge renders dahua protocol with correct color","status":"passed","title":"renders dahua protocol with correct color","duration":3.8717920000003687,"failureMessages":[],"meta":{}},{"ancestorTitles":["ProtocolBadge"],"fullName":"ProtocolBadge shows type text for non-native/device protocols","status":"passed","title":"shows type text for non-native/device protocols","duration":3.9520840000000135,"failureMessages":[],"meta":{}},{"ancestorTitles":["ProtocolBadge"],"fullName":"ProtocolBadge hides type text when showType is false","status":"passed","title":"hides type text when showType is false","duration":3.6252080000003843,"failureMessages":[],"meta":{}}],"startTime":1763748711115,"endTime":1763748711389.6252,"status":"passed","message":"","name":"/Users/rory/work/gateway/ZLM-gateway/frontend/src/components/common/ProtocolBadge/__tests__/ProtocolBadge.test.tsx"}],"coverageMap":{"/Users/rory/work/gateway/ZLM-gateway/frontend/src/api/alerts.ts":{"path":"/Users/rory/work/gateway/ZLM-gateway/frontend/src/api/alerts.ts","statementMap":{"0":{"start":{"line":48,"column":17},"end":{"line":48,"column":null}},"1":{"start":{"line":49,"column":2},"end":{"line":49,"column":null}},"2":{"start":{"line":56,"column":2},"end":{"line":56,"column":null}},"3":{"start":{"line":63,"column":2},"end":{"line":63,"column":null}},"4":{"start":{"line":70,"column":2},"end":{"line":70,"column":null}}},"fnMap":{"0":{"name":"getAlerts","decl":{"start":{"line":47,"column":22},"end":{"line":47,"column":32}},"loc":{"start":{"line":47,"column":66},"end":{"line":50,"column":null}},"line":47},"1":{"name":"getAlertStatistics","decl":{"start":{"line":55,"column":22},"end":{"line":55,"column":69}},"loc":{"start":{"line":55,"column":69},"end":{"line":57,"column":null}},"line":55},"2":{"name":"addAlertRule","decl":{"start":{"line":62,"column":22},"end":{"line":62,"column":35}},"loc":{"start":{"line":62,"column":79},"end":{"line":64,"column":null}},"line":62},"3":{"name":"deleteAlertRule","decl":{"start":{"line":69,"column":22},"end":{"line":69,"column":38}},"loc":{"start":{"line":69,"column":83},"end":{"line":71,"column":null}},"line":69}},"branchMap":{"0":{"loc":{"start":{"line":48,"column":17},"end":{"line":48,"column":null}},"type":"cond-expr","locations":[{"start":{"line":48,"column":25},"end":{"line":48,"column":37}},{"start":{"line":48,"column":37},"end":{"line":48,"column":null}}],"line":48}},"s":{"0":2,"1":2,"2":1,"3":1,"4":1},"f":{"0":2,"1":1,"2":1,"3":1},"b":{"0":[1,1]},"meta":{"lastBranch":1,"lastFunction":4,"lastStatement":5,"seen":{"f:47:22:47:32":0,"s:48:17:48:Infinity":0,"b:48:25:48:37:48:37:48:Infinity":0,"s:49:2:49:Infinity":1,"f:55:22:55:69":1,"s:56:2:56:Infinity":2,"f:62:22:62:35":2,"s:63:2:63:Infinity":3,"f:69:22:69:38":3,"s:70:2:70:Infinity":4}}},"/Users/rory/work/gateway/ZLM-gateway/frontend/src/api/health.ts":{"path":"/Users/rory/work/gateway/ZLM-gateway/frontend/src/api/health.ts","statementMap":{"0":{"start":{"line":14,"column":2},"end":{"line":14,"column":null}}},"fnMap":{"0":{"name":"checkHealth","decl":{"start":{"line":13,"column":22},"end":{"line":13,"column":59}},"loc":{"start":{"line":13,"column":59},"end":{"line":15,"column":null}},"line":13}},"branchMap":{},"s":{"0":1},"f":{"0":1},"b":{},"meta":{"lastBranch":0,"lastFunction":1,"lastStatement":1,"seen":{"f:13:22:13:59":0,"s:14:2:14:Infinity":0}}},"/Users/rory/work/gateway/ZLM-gateway/frontend/src/api/client.ts":{"path":"/Users/rory/work/gateway/ZLM-gateway/frontend/src/api/client.ts","statementMap":{"0":{"start":{"line":16,"column":25},"end":{"line":22,"column":null}},"1":{"start":{"line":25,"column":0},"end":{"line":33,"column":null}},"2":{"start":{"line":28,"column":4},"end":{"line":28,"column":null}},"3":{"start":{"line":31,"column":4},"end":{"line":31,"column":null}},"4":{"start":{"line":36,"column":0},"end":{"line":79,"column":null}},"5":{"start":{"line":38,"column":30},"end":{"line":38,"column":null}},"6":{"start":{"line":41,"column":4},"end":{"line":44,"column":null}},"7":{"start":{"line":42,"column":6},"end":{"line":42,"column":null}},"8":{"start":{"line":43,"column":6},"end":{"line":43,"column":null}},"9":{"start":{"line":46,"column":4},"end":{"line":46,"column":null}},"10":{"start":{"line":50,"column":4},"end":{"line":75,"column":null}},"11":{"start":{"line":51,"column":21},"end":{"line":51,"column":null}},"12":{"start":{"line":52,"column":6},"end":{"line":70,"column":null}},"13":{"start":{"line":54,"column":10},"end":{"line":54,"column":null}},"14":{"start":{"line":55,"column":10},"end":{"line":55,"column":null}},"15":{"start":{"line":57,"column":10},"end":{"line":57,"column":null}},"16":{"start":{"line":58,"column":10},"end":{"line":58,"column":null}},"17":{"start":{"line":60,"column":10},"end":{"line":60,"column":null}},"18":{"start":{"line":61,"column":10},"end":{"line":61,"column":null}},"19":{"start":{"line":63,"column":10},"end":{"line":63,"column":null}},"20":{"start":{"line":64,"column":10},"end":{"line":64,"column":null}},"21":{"start":{"line":66,"column":10},"end":{"line":66,"column":null}},"22":{"start":{"line":67,"column":10},"end":{"line":67,"column":null}},"23":{"start":{"line":69,"column":10},"end":{"line":69,"column":null}},"24":{"start":{"line":71,"column":4},"end":{"line":75,"column":null}},"25":{"start":{"line":72,"column":6},"end":{"line":72,"column":null}},"26":{"start":{"line":74,"column":6},"end":{"line":74,"column":null}},"27":{"start":{"line":77,"column":4},"end":{"line":77,"column":null}}},"fnMap":{"0":{"name":"(anonymous_0)","decl":{"start":{"line":26,"column":2},"end":{"line":26,"column":3}},"loc":{"start":{"line":26,"column":14},"end":{"line":29,"column":null}},"line":26},"1":{"name":"(anonymous_1)","decl":{"start":{"line":30,"column":2},"end":{"line":30,"column":3}},"loc":{"start":{"line":30,"column":13},"end":{"line":32,"column":null}},"line":30},"2":{"name":"(anonymous_2)","decl":{"start":{"line":37,"column":2},"end":{"line":37,"column":3}},"loc":{"start":{"line":37,"column":16},"end":{"line":47,"column":null}},"line":37},"3":{"name":"(anonymous_3)","decl":{"start":{"line":48,"column":2},"end":{"line":48,"column":3}},"loc":{"start":{"line":48,"column":25},"end":{"line":78,"column":null}},"line":48}},"branchMap":{"0":{"loc":{"start":{"line":41,"column":4},"end":{"line":44,"column":null}},"type":"if","locations":[{"start":{"line":41,"column":4},"end":{"line":44,"column":null}},{"start":{},"end":{}}],"line":41},"1":{"loc":{"start":{"line":42,"column":20},"end":{"line":42,"column":38}},"type":"binary-expr","locations":[{"start":{"line":42,"column":20},"end":{"line":42,"column":32}},{"start":{"line":42,"column":32},"end":{"line":42,"column":38}}],"line":42},"2":{"loc":{"start":{"line":43,"column":38},"end":{"line":43,"column":56}},"type":"binary-expr","locations":[{"start":{"line":43,"column":38},"end":{"line":43,"column":50}},{"start":{"line":43,"column":50},"end":{"line":43,"column":56}}],"line":43},"3":{"loc":{"start":{"line":50,"column":4},"end":{"line":75,"column":null}},"type":"if","locations":[{"start":{"line":50,"column":4},"end":{"line":75,"column":null}},{"start":{"line":71,"column":4},"end":{"line":75,"column":null}}],"line":50},"4":{"loc":{"start":{"line":52,"column":6},"end":{"line":70,"column":null}},"type":"switch","locations":[{"start":{"line":53,"column":8},"end":{"line":55,"column":null}},{"start":{"line":56,"column":8},"end":{"line":58,"column":null}},{"start":{"line":59,"column":8},"end":{"line":61,"column":null}},{"start":{"line":62,"column":8},"end":{"line":64,"column":null}},{"start":{"line":65,"column":8},"end":{"line":67,"column":null}},{"start":{"line":68,"column":8},"end":{"line":69,"column":null}}],"line":52},"5":{"loc":{"start":{"line":71,"column":4},"end":{"line":75,"column":null}},"type":"if","locations":[{"start":{"line":71,"column":4},"end":{"line":75,"column":null}},{"start":{"line":73,"column":11},"end":{"line":75,"column":null}}],"line":71}},"s":{"0":2,"1":2,"2":1,"3":1,"4":2,"5":3,"6":3,"7":2,"8":2,"9":1,"10":8,"11":6,"12":6,"13":1,"14":1,"15":1,"16":1,"17":1,"18":1,"19":1,"20":1,"21":1,"22":1,"23":1,"24":2,"25":1,"26":1,"27":8},"f":{"0":1,"1":1,"2":3,"3":8},"b":{"0":[2,1],"1":[2,1],"2":[2,1],"3":[6,2],"4":[1,1,1,1,1,1],"5":[1,1]},"meta":{"lastBranch":6,"lastFunction":4,"lastStatement":28,"seen":{"s:16:25:22:Infinity":0,"s:25:0:33:Infinity":1,"f:26:2:26:3":0,"s:28:4:28:Infinity":2,"f:30:2:30:3":1,"s:31:4:31:Infinity":3,"s:36:0:79:Infinity":4,"f:37:2:37:3":2,"s:38:30:38:Infinity":5,"b:41:4:44:Infinity:undefined:undefined:undefined:undefined":0,"s:41:4:44:Infinity":6,"s:42:6:42:Infinity":7,"b:42:20:42:32:42:32:42:38":1,"s:43:6:43:Infinity":8,"b:43:38:43:50:43:50:43:56":2,"s:46:4:46:Infinity":9,"f:48:2:48:3":3,"b:50:4:75:Infinity:71:4:75:Infinity":3,"s:50:4:75:Infinity":10,"s:51:21:51:Infinity":11,"b:53:8:55:Infinity:56:8:58:Infinity:59:8:61:Infinity:62:8:64:Infinity:65:8:67:Infinity:68:8:69:Infinity":4,"s:52:6:70:Infinity":12,"s:54:10:54:Infinity":13,"s:55:10:55:Infinity":14,"s:57:10:57:Infinity":15,"s:58:10:58:Infinity":16,"s:60:10:60:Infinity":17,"s:61:10:61:Infinity":18,"s:63:10:63:Infinity":19,"s:64:10:64:Infinity":20,"s:66:10:66:Infinity":21,"s:67:10:67:Infinity":22,"s:69:10:69:Infinity":23,"b:71:4:75:Infinity:73:11:75:Infinity":5,"s:71:4:75:Infinity":24,"s:72:6:72:Infinity":25,"s:74:6:74:Infinity":26,"s:77:4:77:Infinity":27}}},"/Users/rory/work/gateway/ZLM-gateway/frontend/src/api/streams.ts":{"path":"/Users/rory/work/gateway/ZLM-gateway/frontend/src/api/streams.ts","statementMap":{"0":{"start":{"line":11,"column":2},"end":{"line":11,"column":null}},"1":{"start":{"line":18,"column":2},"end":{"line":18,"column":null}},"2":{"start":{"line":25,"column":2},"end":{"line":25,"column":null}},"3":{"start":{"line":32,"column":2},"end":{"line":32,"column":null}}},"fnMap":{"0":{"name":"getStreams","decl":{"start":{"line":10,"column":22},"end":{"line":10,"column":54}},"loc":{"start":{"line":10,"column":54},"end":{"line":12,"column":null}},"line":10},"1":{"name":"getStreamDetail","decl":{"start":{"line":17,"column":22},"end":{"line":17,"column":38}},"loc":{"start":{"line":17,"column":84},"end":{"line":19,"column":null}},"line":17},"2":{"name":"startStream","decl":{"start":{"line":24,"column":22},"end":{"line":24,"column":34}},"loc":{"start":{"line":24,"column":80},"end":{"line":26,"column":null}},"line":24},"3":{"name":"stopStream","decl":{"start":{"line":31,"column":22},"end":{"line":31,"column":33}},"loc":{"start":{"line":31,"column":76},"end":{"line":33,"column":null}},"line":31}},"branchMap":{},"s":{"0":1,"1":1,"2":1,"3":1},"f":{"0":1,"1":1,"2":1,"3":1},"b":{},"meta":{"lastBranch":0,"lastFunction":4,"lastStatement":4,"seen":{"f:10:22:10:54":0,"s:11:2:11:Infinity":0,"f:17:22:17:38":1,"s:18:2:18:Infinity":1,"f:24:22:24:34":2,"s:25:2:25:Infinity":2,"f:31:22:31:33":3,"s:32:2:32:Infinity":3}}},"/Users/rory/work/gateway/ZLM-gateway/frontend/src/components/common/Empty/Empty.tsx":{"path":"/Users/rory/work/gateway/ZLM-gateway/frontend/src/components/common/Empty/Empty.tsx","statementMap":{"0":{"start":{"line":9,"column":2},"end":{"line":9,"column":null}}},"fnMap":{"0":{"name":"Empty","decl":{"start":{"line":8,"column":24},"end":{"line":8,"column":30}},"loc":{"start":{"line":8,"column":75},"end":{"line":10,"column":null}},"line":8}},"branchMap":{"0":{"loc":{"start":{"line":8,"column":32},"end":{"line":8,"column":54}},"type":"default-arg","locations":[{"start":{"line":8,"column":46},"end":{"line":8,"column":54}}],"line":8}},"s":{"0":2},"f":{"0":2},"b":{"0":[2]},"meta":{"lastBranch":1,"lastFunction":1,"lastStatement":1,"seen":{"f:8:24:8:30":0,"b:8:46:8:54":0,"s:9:2:9:Infinity":0}}},"/Users/rory/work/gateway/ZLM-gateway/frontend/src/api/monitoring.ts":{"path":"/Users/rory/work/gateway/ZLM-gateway/frontend/src/api/monitoring.ts","statementMap":{"0":{"start":{"line":62,"column":2},"end":{"line":62,"column":null}},"1":{"start":{"line":69,"column":2},"end":{"line":69,"column":null}},"2":{"start":{"line":76,"column":2},"end":{"line":76,"column":null}},"3":{"start":{"line":83,"column":2},"end":{"line":83,"column":null}},"4":{"start":{"line":90,"column":2},"end":{"line":90,"column":null}},"5":{"start":{"line":97,"column":19},"end":{"line":97,"column":null}},"6":{"start":{"line":100,"column":17},"end":{"line":100,"column":null}},"7":{"start":{"line":101,"column":18},"end":{"line":101,"column":null}},"8":{"start":{"line":102,"column":20},"end":{"line":102,"column":null}},"9":{"start":{"line":103,"column":17},"end":{"line":103,"column":null}},"10":{"start":{"line":105,"column":36},"end":{"line":116,"column":null}},"11":{"start":{"line":119,"column":42},"end":{"line":124,"column":null}},"12":{"start":{"line":119,"column":69},"end":{"line":124,"column":4}},"13":{"start":{"line":127,"column":41},"end":{"line":138,"column":null}},"14":{"start":{"line":127,"column":66},"end":{"line":138,"column":4}},"15":{"start":{"line":140,"column":2},"end":{"line":145,"column":null}}},"fnMap":{"0":{"name":"getSystemStats","decl":{"start":{"line":57,"column":22},"end":{"line":57,"column":61}},"loc":{"start":{"line":57,"column":61},"end":{"line":63,"column":null}},"line":57},"1":{"name":"getStreamStats","decl":{"start":{"line":68,"column":22},"end":{"line":68,"column":63}},"loc":{"start":{"line":68,"column":63},"end":{"line":70,"column":null}},"line":68},"2":{"name":"getStreamStat","decl":{"start":{"line":75,"column":22},"end":{"line":75,"column":36}},"loc":{"start":{"line":75,"column":87},"end":{"line":77,"column":null}},"line":75},"3":{"name":"getProtocolStats","decl":{"start":{"line":82,"column":22},"end":{"line":82,"column":67}},"loc":{"start":{"line":82,"column":67},"end":{"line":84,"column":null}},"line":82},"4":{"name":"getErrorStats","decl":{"start":{"line":89,"column":22},"end":{"line":89,"column":59}},"loc":{"start":{"line":89,"column":59},"end":{"line":91,"column":null}},"line":89},"5":{"name":"getDashboardData","decl":{"start":{"line":96,"column":22},"end":{"line":96,"column":65}},"loc":{"start":{"line":96,"column":65},"end":{"line":146,"column":null}},"line":96},"6":{"name":"(anonymous_6)","decl":{"start":{"line":119,"column":56},"end":{"line":119,"column":57}},"loc":{"start":{"line":119,"column":69},"end":{"line":124,"column":4}},"line":119},"7":{"name":"(anonymous_7)","decl":{"start":{"line":127,"column":53},"end":{"line":127,"column":54}},"loc":{"start":{"line":127,"column":66},"end":{"line":138,"column":4}},"line":127}},"branchMap":{"0":{"loc":{"start":{"line":100,"column":17},"end":{"line":100,"column":null}},"type":"binary-expr","locations":[{"start":{"line":100,"column":17},"end":{"line":100,"column":31}},{"start":{"line":100,"column":31},"end":{"line":100,"column":null}}],"line":100},"1":{"loc":{"start":{"line":101,"column":18},"end":{"line":101,"column":null}},"type":"binary-expr","locations":[{"start":{"line":101,"column":18},"end":{"line":101,"column":33}},{"start":{"line":101,"column":33},"end":{"line":101,"column":null}}],"line":101},"2":{"loc":{"start":{"line":102,"column":20},"end":{"line":102,"column":null}},"type":"binary-expr","locations":[{"start":{"line":102,"column":20},"end":{"line":102,"column":37}},{"start":{"line":102,"column":37},"end":{"line":102,"column":null}}],"line":102},"3":{"loc":{"start":{"line":103,"column":17},"end":{"line":103,"column":null}},"type":"binary-expr","locations":[{"start":{"line":103,"column":17},"end":{"line":103,"column":31}},{"start":{"line":103,"column":31},"end":{"line":103,"column":null}}],"line":103},"4":{"loc":{"start":{"line":106,"column":19},"end":{"line":106,"column":null}},"type":"binary-expr","locations":[{"start":{"line":106,"column":19},"end":{"line":106,"column":44}},{"start":{"line":106,"column":44},"end":{"line":106,"column":null}}],"line":106},"5":{"loc":{"start":{"line":107,"column":21},"end":{"line":107,"column":null}},"type":"binary-expr","locations":[{"start":{"line":107,"column":21},"end":{"line":107,"column":48}},{"start":{"line":107,"column":48},"end":{"line":107,"column":null}}],"line":107},"6":{"loc":{"start":{"line":108,"column":19},"end":{"line":108,"column":null}},"type":"binary-expr","locations":[{"start":{"line":108,"column":19},"end":{"line":108,"column":44}},{"start":{"line":108,"column":44},"end":{"line":108,"column":null}}],"line":108},"7":{"loc":{"start":{"line":109,"column":21},"end":{"line":109,"column":null}},"type":"binary-expr","locations":[{"start":{"line":109,"column":21},"end":{"line":109,"column":48}},{"start":{"line":109,"column":48},"end":{"line":109,"column":null}}],"line":109},"8":{"loc":{"start":{"line":110,"column":22},"end":{"line":110,"column":null}},"type":"binary-expr","locations":[{"start":{"line":110,"column":22},"end":{"line":110,"column":59}},{"start":{"line":110,"column":59},"end":{"line":110,"column":null}}],"line":110},"9":{"loc":{"start":{"line":111,"column":25},"end":{"line":111,"column":null}},"type":"binary-expr","locations":[{"start":{"line":111,"column":25},"end":{"line":111,"column":65}},{"start":{"line":111,"column":65},"end":{"line":111,"column":null}}],"line":111},"10":{"loc":{"start":{"line":113,"column":22},"end":{"line":113,"column":null}},"type":"binary-expr","locations":[{"start":{"line":113,"column":22},"end":{"line":113,"column":63}},{"start":{"line":113,"column":63},"end":{"line":113,"column":null}}],"line":113},"11":{"loc":{"start":{"line":115,"column":20},"end":{"line":115,"column":null}},"type":"binary-expr","locations":[{"start":{"line":115,"column":20},"end":{"line":115,"column":40}},{"start":{"line":115,"column":40},"end":{"line":115,"column":null}}],"line":115},"12":{"loc":{"start":{"line":121,"column":19},"end":{"line":121,"column":null}},"type":"binary-expr","locations":[{"start":{"line":121,"column":19},"end":{"line":121,"column":37}},{"start":{"line":121,"column":37},"end":{"line":121,"column":null}}],"line":121},"13":{"loc":{"start":{"line":122,"column":21},"end":{"line":122,"column":null}},"type":"binary-expr","locations":[{"start":{"line":122,"column":21},"end":{"line":122,"column":40}},{"start":{"line":122,"column":40},"end":{"line":122,"column":null}}],"line":122},"14":{"loc":{"start":{"line":132,"column":15},"end":{"line":132,"column":null}},"type":"binary-expr","locations":[{"start":{"line":132,"column":15},"end":{"line":132,"column":30}},{"start":{"line":132,"column":30},"end":{"line":132,"column":null}}],"line":132},"15":{"loc":{"start":{"line":133,"column":18},"end":{"line":133,"column":null}},"type":"binary-expr","locations":[{"start":{"line":133,"column":18},"end":{"line":133,"column":36}},{"start":{"line":133,"column":36},"end":{"line":133,"column":null}}],"line":133},"16":{"loc":{"start":{"line":134,"column":18},"end":{"line":134,"column":null}},"type":"binary-expr","locations":[{"start":{"line":134,"column":18},"end":{"line":134,"column":36}},{"start":{"line":134,"column":36},"end":{"line":134,"column":null}}],"line":134},"17":{"loc":{"start":{"line":135,"column":17},"end":{"line":135,"column":null}},"type":"binary-expr","locations":[{"start":{"line":135,"column":17},"end":{"line":135,"column":34}},{"start":{"line":135,"column":34},"end":{"line":135,"column":null}}],"line":135},"18":{"loc":{"start":{"line":137,"column":20},"end":{"line":137,"column":null}},"type":"binary-expr","locations":[{"start":{"line":137,"column":20},"end":{"line":137,"column":32}},{"start":{"line":137,"column":32},"end":{"line":137,"column":null}}],"line":137}},"s":{"0":1,"1":1,"2":1,"3":1,"4":1,"5":3,"6":3,"7":3,"8":3,"9":3,"10":3,"11":3,"12":1,"13":3,"14":1,"15":3},"f":{"0":1,"1":1,"2":1,"3":1,"4":1,"5":3,"6":1,"7":1},"b":{"0":[3,1],"1":[3,1],"2":[3,1],"3":[3,1],"4":[3,1],"5":[3,2],"6":[3,2],"7":[3,2],"8":[3,2],"9":[3,2],"10":[3,2],"11":[3,2],"12":[1,0],"13":[1,0],"14":[1,0],"15":[1,0],"16":[1,0],"17":[1,0],"18":[1,0]},"meta":{"lastBranch":19,"lastFunction":8,"lastStatement":16,"seen":{"f:57:22:57:61":0,"s:62:2:62:Infinity":0,"f:68:22:68:63":1,"s:69:2:69:Infinity":1,"f:75:22:75:36":2,"s:76:2:76:Infinity":2,"f:82:22:82:67":3,"s:83:2:83:Infinity":3,"f:89:22:89:59":4,"s:90:2:90:Infinity":4,"f:96:22:96:65":5,"s:97:19:97:Infinity":5,"s:100:17:100:Infinity":6,"b:100:17:100:31:100:31:100:Infinity":0,"s:101:18:101:Infinity":7,"b:101:18:101:33:101:33:101:Infinity":1,"s:102:20:102:Infinity":8,"b:102:20:102:37:102:37:102:Infinity":2,"s:103:17:103:Infinity":9,"b:103:17:103:31:103:31:103:Infinity":3,"s:105:36:116:Infinity":10,"b:106:19:106:44:106:44:106:Infinity":4,"b:107:21:107:48:107:48:107:Infinity":5,"b:108:19:108:44:108:44:108:Infinity":6,"b:109:21:109:48:109:48:109:Infinity":7,"b:110:22:110:59:110:59:110:Infinity":8,"b:111:25:111:65:111:65:111:Infinity":9,"b:113:22:113:63:113:63:113:Infinity":10,"b:115:20:115:40:115:40:115:Infinity":11,"s:119:42:124:Infinity":11,"f:119:56:119:57":6,"s:119:69:124:4":12,"b:121:19:121:37:121:37:121:Infinity":12,"b:122:21:122:40:122:40:122:Infinity":13,"s:127:41:138:Infinity":13,"f:127:53:127:54":7,"s:127:66:138:4":14,"b:132:15:132:30:132:30:132:Infinity":14,"b:133:18:133:36:133:36:133:Infinity":15,"b:134:18:134:36:134:36:134:Infinity":16,"b:135:17:135:34:135:34:135:Infinity":17,"b:137:20:137:32:137:32:137:Infinity":18,"s:140:2:145:Infinity":15}}},"/Users/rory/work/gateway/ZLM-gateway/frontend/src/components/common/Layout/Header.tsx":{"path":"/Users/rory/work/gateway/ZLM-gateway/frontend/src/components/common/Layout/Header.tsx","statementMap":{"0":{"start":{"line":3,"column":30},"end":{"line":3,"column":null}},"1":{"start":{"line":4,"column":18},"end":{"line":4,"column":null}},"2":{"start":{"line":7,"column":2},"end":{"line":12,"column":null}}},"fnMap":{"0":{"name":"Header","decl":{"start":{"line":6,"column":24},"end":{"line":6,"column":33}},"loc":{"start":{"line":6,"column":33},"end":{"line":14,"column":null}},"line":6}},"branchMap":{},"s":{"0":1,"1":1,"2":2},"f":{"0":2},"b":{},"meta":{"lastBranch":0,"lastFunction":1,"lastStatement":3,"seen":{"s:3:30:3:Infinity":0,"s:4:18:4:Infinity":1,"f:6:24:6:33":0,"s:7:2:12:Infinity":2}}},"/Users/rory/work/gateway/ZLM-gateway/frontend/src/api/devices.ts":{"path":"/Users/rory/work/gateway/ZLM-gateway/frontend/src/api/devices.ts","statementMap":{"0":{"start":{"line":10,"column":2},"end":{"line":12,"column":null}},"1":{"start":{"line":19,"column":2},"end":{"line":19,"column":null}},"2":{"start":{"line":26,"column":2},"end":{"line":26,"column":null}},"3":{"start":{"line":33,"column":2},"end":{"line":33,"column":null}},"4":{"start":{"line":44,"column":2},"end":{"line":47,"column":null}},"5":{"start":{"line":54,"column":2},"end":{"line":57,"column":null}},"6":{"start":{"line":64,"column":2},"end":{"line":64,"column":null}},"7":{"start":{"line":71,"column":2},"end":{"line":71,"column":null}},"8":{"start":{"line":78,"column":2},"end":{"line":78,"column":null}},"9":{"start":{"line":89,"column":2},"end":{"line":92,"column":null}},"10":{"start":{"line":104,"column":2},"end":{"line":109,"column":null}},"11":{"start":{"line":116,"column":2},"end":{"line":116,"column":null}},"12":{"start":{"line":123,"column":2},"end":{"line":123,"column":null}},"13":{"start":{"line":130,"column":2},"end":{"line":130,"column":null}},"14":{"start":{"line":141,"column":2},"end":{"line":144,"column":null}},"15":{"start":{"line":156,"column":2},"end":{"line":161,"column":null}},"16":{"start":{"line":168,"column":2},"end":{"line":168,"column":null}},"17":{"start":{"line":175,"column":2},"end":{"line":175,"column":null}},"18":{"start":{"line":182,"column":2},"end":{"line":182,"column":null}},"19":{"start":{"line":193,"column":2},"end":{"line":196,"column":null}},"20":{"start":{"line":212,"column":2},"end":{"line":230,"column":null}},"21":{"start":{"line":214,"column":6},"end":{"line":214,"column":null}},"22":{"start":{"line":216,"column":6},"end":{"line":216,"column":null}},"23":{"start":{"line":216,"column":28},"end":{"line":216,"column":null}},"24":{"start":{"line":217,"column":6},"end":{"line":217,"column":null}},"25":{"start":{"line":219,"column":6},"end":{"line":221,"column":null}},"26":{"start":{"line":220,"column":8},"end":{"line":220,"column":null}},"27":{"start":{"line":222,"column":6},"end":{"line":222,"column":null}},"28":{"start":{"line":224,"column":6},"end":{"line":226,"column":null}},"29":{"start":{"line":225,"column":8},"end":{"line":225,"column":null}},"30":{"start":{"line":227,"column":6},"end":{"line":227,"column":null}},"31":{"start":{"line":229,"column":6},"end":{"line":229,"column":null}}},"fnMap":{"0":{"name":"discoverONVIF","decl":{"start":{"line":9,"column":22},"end":{"line":9,"column":36}},"loc":{"start":{"line":9,"column":80},"end":{"line":13,"column":null}},"line":9},"1":{"name":"getONVIFDevices","decl":{"start":{"line":18,"column":22},"end":{"line":18,"column":59}},"loc":{"start":{"line":18,"column":59},"end":{"line":20,"column":null}},"line":18},"2":{"name":"getONVIFDevice","decl":{"start":{"line":25,"column":22},"end":{"line":25,"column":37}},"loc":{"start":{"line":25,"column":72},"end":{"line":27,"column":null}},"line":25},"3":{"name":"getONVIFDeviceStreams","decl":{"start":{"line":32,"column":22},"end":{"line":32,"column":44}},"loc":{"start":{"line":32,"column":87},"end":{"line":34,"column":null}},"line":32},"4":{"name":"startONVIFDeviceStream","decl":{"start":{"line":39,"column":22},"end":{"line":39,"column":null}},"loc":{"start":{"line":43,"column":17},"end":{"line":48,"column":null}},"line":43},"5":{"name":"discoverISAPI","decl":{"start":{"line":53,"column":22},"end":{"line":53,"column":36}},"loc":{"start":{"line":53,"column":87},"end":{"line":58,"column":null}},"line":53},"6":{"name":"getISAPIDevices","decl":{"start":{"line":63,"column":22},"end":{"line":63,"column":59}},"loc":{"start":{"line":63,"column":59},"end":{"line":65,"column":null}},"line":63},"7":{"name":"getISAPIDevice","decl":{"start":{"line":70,"column":22},"end":{"line":70,"column":37}},"loc":{"start":{"line":70,"column":72},"end":{"line":72,"column":null}},"line":70},"8":{"name":"getISAPIDeviceStreams","decl":{"start":{"line":77,"column":22},"end":{"line":77,"column":44}},"loc":{"start":{"line":77,"column":87},"end":{"line":79,"column":null}},"line":77},"9":{"name":"startISAPIDeviceStream","decl":{"start":{"line":84,"column":22},"end":{"line":84,"column":null}},"loc":{"start":{"line":88,"column":17},"end":{"line":93,"column":null}},"line":88},"10":{"name":"discoverDahua","decl":{"start":{"line":98,"column":22},"end":{"line":98,"column":null}},"loc":{"start":{"line":103,"column":21},"end":{"line":110,"column":null}},"line":103},"11":{"name":"getDahuaDevices","decl":{"start":{"line":115,"column":22},"end":{"line":115,"column":59}},"loc":{"start":{"line":115,"column":59},"end":{"line":117,"column":null}},"line":115},"12":{"name":"getDahuaDevice","decl":{"start":{"line":122,"column":22},"end":{"line":122,"column":37}},"loc":{"start":{"line":122,"column":72},"end":{"line":124,"column":null}},"line":122},"13":{"name":"getDahuaDeviceStreams","decl":{"start":{"line":129,"column":22},"end":{"line":129,"column":44}},"loc":{"start":{"line":129,"column":87},"end":{"line":131,"column":null}},"line":129},"14":{"name":"startDahuaDeviceStream","decl":{"start":{"line":136,"column":22},"end":{"line":136,"column":null}},"loc":{"start":{"line":140,"column":17},"end":{"line":145,"column":null}},"line":140},"15":{"name":"discoverPSIA","decl":{"start":{"line":150,"column":22},"end":{"line":150,"column":null}},"loc":{"start":{"line":155,"column":21},"end":{"line":162,"column":null}},"line":155},"16":{"name":"getPSIADevices","decl":{"start":{"line":167,"column":22},"end":{"line":167,"column":58}},"loc":{"start":{"line":167,"column":58},"end":{"line":169,"column":null}},"line":167},"17":{"name":"getPSIADevice","decl":{"start":{"line":174,"column":22},"end":{"line":174,"column":36}},"loc":{"start":{"line":174,"column":71},"end":{"line":176,"column":null}},"line":174},"18":{"name":"getPSIADeviceStreams","decl":{"start":{"line":181,"column":22},"end":{"line":181,"column":43}},"loc":{"start":{"line":181,"column":86},"end":{"line":183,"column":null}},"line":181},"19":{"name":"startPSIADeviceStream","decl":{"start":{"line":188,"column":22},"end":{"line":188,"column":null}},"loc":{"start":{"line":192,"column":17},"end":{"line":197,"column":null}},"line":192},"20":{"name":"discoverDevices","decl":{"start":{"line":202,"column":22},"end":{"line":202,"column":null}},"loc":{"start":{"line":211,"column":21},"end":{"line":231,"column":null}},"line":211}},"branchMap":{"0":{"loc":{"start":{"line":11,"column":21},"end":{"line":11,"column":null}},"type":"binary-expr","locations":[{"start":{"line":11,"column":21},"end":{"line":11,"column":39}},{"start":{"line":11,"column":39},"end":{"line":11,"column":null}}],"line":11},"1":{"loc":{"start":{"line":56,"column":10},"end":{"line":56,"column":null}},"type":"binary-expr","locations":[{"start":{"line":56,"column":10},"end":{"line":56,"column":18}},{"start":{"line":56,"column":18},"end":{"line":56,"column":null}}],"line":56},"2":{"loc":{"start":{"line":106,"column":10},"end":{"line":106,"column":null}},"type":"binary-expr","locations":[{"start":{"line":106,"column":10},"end":{"line":106,"column":18}},{"start":{"line":106,"column":18},"end":{"line":106,"column":null}}],"line":106},"3":{"loc":{"start":{"line":158,"column":10},"end":{"line":158,"column":null}},"type":"binary-expr","locations":[{"start":{"line":158,"column":10},"end":{"line":158,"column":18}},{"start":{"line":158,"column":18},"end":{"line":158,"column":null}}],"line":158},"4":{"loc":{"start":{"line":212,"column":2},"end":{"line":230,"column":null}},"type":"switch","locations":[{"start":{"line":213,"column":4},"end":{"line":214,"column":null}},{"start":{"line":215,"column":4},"end":{"line":217,"column":null}},{"start":{"line":218,"column":4},"end":{"line":222,"column":null}},{"start":{"line":223,"column":4},"end":{"line":227,"column":null}},{"start":{"line":228,"column":4},"end":{"line":229,"column":null}}],"line":212},"5":{"loc":{"start":{"line":216,"column":6},"end":{"line":216,"column":null}},"type":"if","locations":[{"start":{"line":216,"column":6},"end":{"line":216,"column":null}},{"start":{},"end":{}}],"line":216},"6":{"loc":{"start":{"line":219,"column":6},"end":{"line":221,"column":null}},"type":"if","locations":[{"start":{"line":219,"column":6},"end":{"line":221,"column":null}},{"start":{},"end":{}}],"line":219},"7":{"loc":{"start":{"line":219,"column":10},"end":{"line":219,"column":70}},"type":"binary-expr","locations":[{"start":{"line":219,"column":10},"end":{"line":219,"column":30}},{"start":{"line":219,"column":30},"end":{"line":219,"column":51}},{"start":{"line":219,"column":51},"end":{"line":219,"column":70}}],"line":219},"8":{"loc":{"start":{"line":224,"column":6},"end":{"line":226,"column":null}},"type":"if","locations":[{"start":{"line":224,"column":6},"end":{"line":226,"column":null}},{"start":{},"end":{}}],"line":224},"9":{"loc":{"start":{"line":224,"column":10},"end":{"line":224,"column":70}},"type":"binary-expr","locations":[{"start":{"line":224,"column":10},"end":{"line":224,"column":30}},{"start":{"line":224,"column":30},"end":{"line":224,"column":51}},{"start":{"line":224,"column":51},"end":{"line":224,"column":70}}],"line":224}},"s":{"0":2,"1":1,"2":1,"3":1,"4":1,"5":2,"6":1,"7":1,"8":1,"9":1,"10":2,"11":1,"12":1,"13":1,"14":1,"15":2,"16":1,"17":1,"18":1,"19":1,"20":8,"21":1,"22":2,"23":1,"24":1,"25":2,"26":1,"27":1,"28":2,"29":1,"30":1,"31":1},"f":{"0":2,"1":1,"2":1,"3":1,"4":1,"5":2,"6":1,"7":1,"8":1,"9":1,"10":2,"11":1,"12":1,"13":1,"14":1,"15":2,"16":1,"17":1,"18":1,"19":1,"20":8},"b":{"0":[2,0],"1":[2,1],"2":[2,1],"3":[2,1],"4":[1,2,2,2,1],"5":[1,1],"6":[1,1],"7":[2,2,1],"8":[1,1],"9":[2,2,1]},"meta":{"lastBranch":10,"lastFunction":21,"lastStatement":32,"seen":{"f:9:22:9:36":0,"s:10:2:12:Infinity":0,"b:11:21:11:39:11:39:11:Infinity":0,"f:18:22:18:59":1,"s:19:2:19:Infinity":1,"f:25:22:25:37":2,"s:26:2:26:Infinity":2,"f:32:22:32:44":3,"s:33:2:33:Infinity":3,"f:39:22:39:Infinity":4,"s:44:2:47:Infinity":4,"f:53:22:53:36":5,"s:54:2:57:Infinity":5,"b:56:10:56:18:56:18:56:Infinity":1,"f:63:22:63:59":6,"s:64:2:64:Infinity":6,"f:70:22:70:37":7,"s:71:2:71:Infinity":7,"f:77:22:77:44":8,"s:78:2:78:Infinity":8,"f:84:22:84:Infinity":9,"s:89:2:92:Infinity":9,"f:98:22:98:Infinity":10,"s:104:2:109:Infinity":10,"b:106:10:106:18:106:18:106:Infinity":2,"f:115:22:115:59":11,"s:116:2:116:Infinity":11,"f:122:22:122:37":12,"s:123:2:123:Infinity":12,"f:129:22:129:44":13,"s:130:2:130:Infinity":13,"f:136:22:136:Infinity":14,"s:141:2:144:Infinity":14,"f:150:22:150:Infinity":15,"s:156:2:161:Infinity":15,"b:158:10:158:18:158:18:158:Infinity":3,"f:167:22:167:58":16,"s:168:2:168:Infinity":16,"f:174:22:174:36":17,"s:175:2:175:Infinity":17,"f:181:22:181:43":18,"s:182:2:182:Infinity":18,"f:188:22:188:Infinity":19,"s:193:2:196:Infinity":19,"f:202:22:202:Infinity":20,"b:213:4:214:Infinity:215:4:217:Infinity:218:4:222:Infinity:223:4:227:Infinity:228:4:229:Infinity":4,"s:212:2:230:Infinity":20,"s:214:6:214:Infinity":21,"b:216:6:216:Infinity:undefined:undefined:undefined:undefined":5,"s:216:6:216:Infinity":22,"s:216:28:216:Infinity":23,"s:217:6:217:Infinity":24,"b:219:6:221:Infinity:undefined:undefined:undefined:undefined":6,"s:219:6:221:Infinity":25,"b:219:10:219:30:219:30:219:51:219:51:219:70":7,"s:220:8:220:Infinity":26,"s:222:6:222:Infinity":27,"b:224:6:226:Infinity:undefined:undefined:undefined:undefined":8,"s:224:6:226:Infinity":28,"b:224:10:224:30:224:30:224:51:224:51:224:70":9,"s:225:8:225:Infinity":29,"s:227:6:227:Infinity":30,"s:229:6:229:Infinity":31}}},"/Users/rory/work/gateway/ZLM-gateway/frontend/src/components/common/ErrorBoundary/ErrorBoundary.tsx":{"path":"/Users/rory/work/gateway/ZLM-gateway/frontend/src/components/common/ErrorBoundary/ErrorBoundary.tsx","statementMap":{"0":{"start":{"line":27,"column":16},"end":{"line":29,"column":null}},"1":{"start":{"line":15,"column":4},"end":{"line":15,"column":null}},"2":{"start":{"line":16,"column":4},"end":{"line":16,"column":null}},"3":{"start":{"line":20,"column":4},"end":{"line":20,"column":null}},"4":{"start":{"line":24,"column":4},"end":{"line":24,"column":null}},"5":{"start":{"line":28,"column":4},"end":{"line":28,"column":null}},"6":{"start":{"line":32,"column":4},"end":{"line":45,"column":null}},"7":{"start":{"line":33,"column":6},"end":{"line":43,"column":null}},"8":{"s
[...]
,"end":{"line":70,"column":null}},"type":"if","locations":[{"start":{"line":64,"column":6},"end":{"line":70,"column":null}},{"start":{},"end":{}}],"line":64},"6":{"loc":{"start":{"line":74,"column":2},"end":{"line":84,"column":null}},"type":"if","locations":[{"start":{"line":74,"column":2},"end":{"line":84,"column":null}},{"start":{},"end":{}}],"line":74},"7":{"loc":{"start":{"line":88,"column":7},"end":{"line":99,"column":null}},"type":"binary-expr","locations":[{"start":{"line":88,"column":7},"end":{"line":88,"column":null}},{"start":{"line":89,"column":8},"end":{"line":99,"column":null}}],"line":88}},"s":{"0":20,"1":20,"2":20,"3":20,"4":20,"5":14,"6":1,"7":1,"8":1,"9":13,"10":1,"11":12,"12":12,"13":12,"14":12,"15":12,"16":3,"17":3,"18":2,"19":1,"20":12,"21":1,"22":1,"23":1,"24":12,"25":12,"26":12,"27":12,"28":11,"29":11,"30":11,"31":11,"32":11,"33":20,"34":2,"35":17},"f":{"0":20,"1":14,"2":3,"3":1,"4":1,"5":12},"b":{"0":[20],"1":[20],"2":[1,13],"3":[1,12],"4":[2,1],"5":[11,1],"6":[2,18],"7":[17,14]},"meta":{"lastBranch":8,"lastFunction":6,"lastStatement":36,"seen":{"f:14:24:14:34":0,"b:16:13:16:Infinity":0,"b:17:13:17:Infinity":1,"s:20:8:20:Infinity":0,"s:21:8:21:Infinity":1,"s:22:28:22:Infinity":2,"s:23:24:23:Infinity":3,"s:25:2:72:Infinity":4,"f:25:12:25:18":1,"b:26:4:30:Infinity:undefined:undefined:undefined:undefined":2,"s:26:4:30:Infinity":5,"s:27:6:27:Infinity":6,"s:28:6:28:Infinity":7,"s:29:6:29:Infinity":8,"b:32:4:32:Infinity:undefined:undefined:undefined:undefined":3,"s:32:4:32:Infinity":9,"s:32:27:32:Infinity":10,"s:34:19:38:Infinity":11,"s:40:4:40:Infinity":12,"s:41:4:41:Infinity":13,"s:43:4:43:Infinity":14,"s:45:33:52:Infinity":15,"f:45:33:45:39":2,"s:46:6:46:Infinity":16,"b:47:6:51:Infinity:undefined:undefined:undefined:undefined":4,"s:47:6:51:Infinity":17,"s:48:8:50:Infinity":18,"f:48:39:48:40":3,"s:49:10:49:Infinity":19,"s:54:24:58:Infinity":20,"f:54:24:54:25":4,"s:55:6:55:Infinity":21,"s:56:6:56:Infinity":22,"s:57:6:57:Infinity":23,"s:60:4:60:Infinity":24,"s:61:4:61:Infinity":25,"s:63:4:71:Infinity":26,"f:63:11:63:17":5,"b:64:6:70:Infinity:undefined:undefined:undefined:undefined":5,"s:64:6:70:Infinity":27,"s:65:8:65:Infinity":28,"s:66:8:66:Infinity":29,"s:67:8:67:Infinity":30,"s:68:8:68:Infinity":31,"s:69:8:69:Infinity":32,"b:74:2:84:Infinity:undefined:undefined:undefined:undefined":6,"s:74:2:84:Infinity":33,"s:75:4:82:Infinity":34,"s:86:2:107:Infinity":35,"b:88:7:88:Infinity:89:8:99:Infinity":7}}},"/Users/rory/work/gateway/ZLM-gateway/frontend/src/components/video/HLSPlayer.tsx":{"path":"/Users/rory/work/gateway/ZLM-gateway/frontend/src/components/video/HLSPlayer.tsx","statementMap":{"0":{"start":{"line":20,"column":8},"end":{"line":20,"column":null}},"1":{"start":{"line":21,"column":8},"end":{"line":21,"column":null}},"2":{"start":{"line":22,"column":28},"end":{"line":22,"column":null}},"3":{"start":{"line":23,"column":24},"end":{"line":23,"column":null}},"4":{"start":{"line":25,"column":2},"end":{"line":92,"column":null}},"5":{"start":{"line":26,"column":4},"end":{"line":26,"column":null}},"6":{"start":{"line":26,"column":27},"end":{"line":26,"column":null}},"7":{"start":{"line":27,"column":4},"end":{"line":84,"column":null}},"8":{"start":{"line":28,"column":6},"end":{"line":28,"column":null}},"9":{"start":{"line":29,"column":18},"end":{"line":32,"column":null}},"10":{"start":{"line":34,"column":6},"end":{"line":34,"column":null}},"11":{"start":{"line":35,"column":6},"end":{"line":35,"column":null}},"12":{"start":{"line":37,"column":6},"end":{"line":37,"column":null}},"13":{"start":{"line":39,"column":35},"end":{"line":46,"column":null}},"14":{"start":{"line":40,"column":8},"end":{"line":40,"column":null}},"15":{"start":{"line":41,"column":8},"end":{"line":45,"column":null}},"16":{"start":{"line":42,"column":10},"end":{"line":44,"column":null}},"17":{"start":{"line":43,"column":12},"end":{"line":43,"column":null}},"18":{"start":{"line":48,"column":26},"end":{"line":65,"column":null}},"19":{"start":{"line":49,"column":8},"end":{"line":64,"column":null}},"20":{"start":{"line":50,"column":10},"end":{"line":62,"column":null}},"21":{"start":{"line":52,"column":14},"end":{"line":52,"column":null}},"22":{"start":{"line":53,"column":14},"end":{"line":53,"column":null}},"23":{"start":{"line":55,"column":14},"end":{"line":55,"column":null}},"24":{"start":{"line":56,"column":14},"end":{"line":56,"column":null}},"25":{"start":{"line":57,"column":14},"end":{"line":57,"column":null}},"26":{"start":{"line":59,"column":14},"end":{"line":59,"column":null}},"27":{"start":{"line":60,"column":14},"end":{"line":60,"column":null}},"28":{"start":{"line":61,"column":14},"end":{"line":61,"column":null}},"29":{"start":{"line":63,"column":10},"end":{"line":63,"column":null}},"30":{"start":{"line":67,"column":6},"end":{"line":67,"column":null}},"31":{"start":{"line":68,"column":6},"end":{"line":68,"column":null}},"32":{"start":{"line":69,"column":4},"end":{"line":84,"column":null}},"33":{"start":{"line":71,"column":6},"end":{"line":71,"column":null}},"34":{"start":{"line":72,"column":35},"end":{"line":79,"column":null}},"35":{"start":{"line":73,"column":8},"end":{"line":73,"column":null}},"36":{"start":{"line":74,"column":8},"end":{"line":78,"column":null}},"37":{"start":{"line":75,"column":10},"end":{"line":77,"column":null}},"38":{"start":{"line":76,"column":12},"end":{"line":76,"column":null}},"39":{"start":{"line":80,"column":6},"end":{"line":80,"column":null}},"40":{"start":{"line":82,"column":6},"end":{"line":82,"column":null}},"41":{"start":{"line":83,"column":6},"end":{"line":83,"column":null}},"42":{"start":{"line":86,"column":4},"end":{"line":91,"column":null}},"43":{"start":{"line":87,"column":6},"end":{"line":90,"column":null}},"44":{"start":{"line":88,"column":8},"end":{"line":88,"column":null}},"45":{"start":{"line":89,"column":8},"end":{"line":89,"column":null}},"46":{"start":{"line":94,"column":2},"end":{"line":104,"column":null}},"47":{"start":{"line":95,"column":4},"end":{"line":102,"column":null}},"48":{"start":{"line":106,"column":2},"end":{"line":127,"column":null}}},"fnMap":{"0":{"name":"HLSPlayer","decl":{"start":{"line":14,"column":24},"end":{"line":14,"column":34}},"loc":{"start":{"line":19,"column":19},"end":{"line":129,"column":null}},"line":19},"1":{"name":"(anonymous_1)","decl":{"start":{"line":25,"column":12},"end":{"line":25,"column":18}},"loc":{"start":{"line":25,"column":18},"end":{"line":92,"column":5}},"line":25},"2":{"name":"(anonymous_2)","decl":{"start":{"line":39,"column":35},"end":{"line":39,"column":41}},"loc":{"start":{"line":39,"column":41},"end":{"line":46,"column":null}},"line":39},"3":{"name":"(anonymous_3)","decl":{"start":{"line":42,"column":41},"end":{"line":42,"column":42}},"loc":{"start":{"line":42,"column":48},"end":{"line":44,"column":11}},"line":42},"4":{"name":"(anonymous_4)","decl":{"start":{"line":48,"column":26},"end":{"line":48,"column":27}},"loc":{"start":{"line":48,"column":54},"end":{"line":65,"column":null}},"line":48},"5":{"name":"(anonymous_5)","decl":{"start":{"line":72,"column":35},"end":{"line":72,"column":41}},"loc":{"start":{"line":72,"column":41},"end":{"line":79,"column":null}},"line":72},"6":{"name":"(anonymous_6)","decl":{"start":{"line":75,"column":41},"end":{"line":75,"column":42}},"loc":{"start":{"line":75,"column":48},"end":{"line":77,"column":11}},"line":75},"7":{"name":"(anonymous_7)","decl":{"start":{"line":86,"column":11},"end":{"line":86,"column":17}},"loc":{"start":{"line":86,"column":17},"end":{"line":91,"column":null}},"line":86}},"branchMap":{"0":{"loc":{"start":{"line":16,"column":2},"end":{"line":16,"column":null}},"type":"default-arg","locations":[{"start":{"line":16,"column":13},"end":{"line":16,"column":null}}],"line":16},"1":{"loc":{"start":{"line":17,"column":2},"end":{"line":17,"column":null}},"type":"default-arg","locations":[{"start":{"line":17,"column":13},"end":{"line":17,"column":null}}],"line":17},"2":{"loc":{"start":{"line":26,"column":4},"end":{"line":26,"column":null}},"type":"if","locations":[{"start":{"line":26,"column":4},"end":{"line":26,"column":null}},{"start":{},"end":{}}],"line":26},"3":{"loc":{"start":{"line":27,"column":4},"end":{"line":84,"column":null}},"type":"if","locations":[{"start":{"line":27,"column":4},"end":{"line":84,"column":null}},{"start":{"line":69,"column":4},"end":{"line":84,"column":null}}],"line":27},"4":{"loc":{"start":{"line":41,"column":8},"end":{"line":45,"column":null}},"type":"if","locations":[{"start":{"line":41,"column":8},"end":{"line":45,"column":null}},{"start":{},"end":{}}],"line":41},"5":{"loc":{"start":{"line":49,"column":8},"end":{"line":64,"column":null}},"type":"if","locations":[{"start":{"line":49,"column":8},"end":{"line":64,"column":null}},{"start":{},"end":{}}],"line":49},"6":{"loc":{"start":{"line":50,"column":10},"end":{"line":62,"column":null}},"type":"switch","locations":[{"start":{"line":51,"column":12},"end":{"line":53,"column":null}},{"start":{"line":54,"column":12},"end":{"line":57,"column":null}},{"start":{"line":58,"column":12},"end":{"line":61,"column":null}}],"line":50},"7":{"loc":{"start":{"line":69,"column":4},"end":{"line":84,"column":null}},"type":"if","locations":[{"start":{"line":69,"column":4},"end":{"line":84,"column":null}},{"start":{"line":81,"column":11},"end":{"line":84,"column":null}}],"line":69},"8":{"loc":{"start":{"line":74,"column":8},"end":{"line":78,"column":null}},"type":"if","locations":[{"start":{"line":74,"column":8},"end":{"line":78,"column":null}},{"start":{},"end":{}}],"line":74},"9":{"loc":{"start":{"line":87,"column":6},"end":{"line":90,"column":null}},"type":"if","locations":[{"start":{"line":87,"column":6},"end":{"line":90,"column":null}},{"start":{},"end":{}}],"line":87},"10":{"loc":{"start":{"line":94,"column":2},"end":{"line":104,"column":null}},"type":"if","locations":[{"start":{"line":94,"column":2},"end":{"line":104,"column":null}},{"start":{},"end":{}}],"line":94},"11":{"loc":{"start":{"line":108,"column":7},"end":{"line":119,"column":null}},"type":"binary-expr","locations":[{"start":{"line":108,"column":7},"end":{"line":108,"column":null}},{"start":{"line":109,"column":8},"end":{"line":119,"column":null}}],"line":108}},"s":{"0":31,"1":31,"2":31,"3":31,"4":31,"5":20,"6":1,"7":19,"8":14,"9":14,"10":14,"11":14,"12":14,"13":14,"14":3,"15":3,"16":2,"17":1,"18":14,"19":4,"20":3,"21":1,"22":1,"23":1,"24":1,"25":1,"26":1,"27":1,"28":1,"29":3,"30":14,"31":14,"32":5,"33":4,"34":4,"35":3,"36":3,"37":2,"38":1,"39":4,"40":1,"41":1,"42":19,"43":19,"44":13,"45":13,"46":31,"47":4,"48":26},"f":{"0":31,"1":20,"2":3,"3":1,"4":4,"5":3,"6":1,"7":19},"b":{"0":[31],"1":[31],"2":[1,19],"3":[14,5],"4":[2,1],"5":[3,1],"6":[1,1,1],"7":[4,1],"8":[2,1],"9":[13,6],"10":[4,27],"11":[26,20]},"meta":{"lastBranch":12,"lastFunction":8,"lastStatement":49,"seen":{"f:14:24:14:34":0,"b:16:13:16:Infinity":0,"b:17:13:17:Infinity":1,"s:20:8:20:Infinity":0,"s:21:8:21:Infinity":1,"s:22:28:22:Infinity":2,"s:23:24:23:Infinity":3,"s:25:2:92:Infinity":4,"f:25:12:25:18":1,"b:26:4:26:Infinity:undefined:undefined:undefined:undefined":2,"s:26:4:26:Infinity":5,"s:26:27:26:Infinity":6,"b:27:4:84:Infinity:69:4:84:Infinity":3,"s:27:4:84:Infinity":7,"s:28:6:28:Infinity":8,"s:29:18:32:Infinity":9,"s:34:6:34:Infinity":10,"s:35:6:35:Infinity":11,"s:37:6:37:Infinity":12,"s:39:35:46:Infinity":13,"f:39:35:39:41":2,"s:40:8:40:Infinity":14,"b:41:8:45:Infinity:undefined:undefined:undefined:undefined":4,"s:41:8:45:Infinity":15,"s:42:10:44:Infinity":16,"f:42:41:42:42":3,"s:43:12:43:Infinity":17,"s:48:26:65:Infinity":18,"f:48:26:48:27":4,"b:49:8:64:Infinity:undefined:undefined:undefined:undefined":5,"s:49:8:64:Infinity":19,"b:51:12:53:Infinity:54:12:57:Infinity:58:12:61:Infinity":6,"s:50:10:62:Infinity":20,"s:52:14:52:Infinity":21,"s:53:14:53:Infinity":22,"s:55:14:55:Infinity":23,"s:56:14:56:Infinity":24,"s:57:14:57:Infinity":25,"s:59:14:59:Infinity":26,"s:60:14:60:Infinity":27,"s:61:14:61:Infinity":28,"s:63:10:63:Infinity":29,"s:67:6:67:Infinity":30,"s:68:6:68:Infinity":31,"b:69:4:84:Infinity:81:11:84:Infinity":7,"s:69:4:84:Infinity":32,"s:71:6:71:Infinity":33,"s:72:35:79:Infinity":34,"f:72:35:72:41":5,"s:73:8:73:Infinity":35,"b:74:8:78:Infinity:undefined:undefined:undefined:undefined":8,"s:74:8:78:Infinity":36,"s:75:10:77:Infinity":37,"f:75:41:75:42":6,"s:76:12:76:Infinity":38,"s:80:6:80:Infinity":39,"s:82:6:82:Infinity":40,"s:83:6:83:Infinity":41,"s:86:4:91:Infinity":42,"f:86:11:86:17":7,"b:87:6:90:Infinity:undefined:undefined:undefined:undefined":9,"s:87:6:90:Infinity":43,"s:88:8:88:Infinity":44,"s:89:8:89:Infinity":45,"b:94:2:104:Infinity:undefined:undefined:undefined:undefined":10,"s:94:2:104:Infinity":46,"s:95:4:102:Infinity":47,"s:106:2:127:Infinity":48,"b:108:7:108:Infinity:109:8:119:Infinity":11}}},"/Users/rory/work/gateway/ZLM-gateway/frontend/src/pages/Dashboard.tsx":{"path":"/Users/rory/work/gateway/ZLM-gateway/frontend/src/pages/Dashboard.tsx","statementMap":{"0":{"start":{"line":11,"column":18},"end":{"line":11,"column":null}},"1":{"start":{"line":14,"column":59},"end":{"line":18,"column":null}},"2":{"start":{"line":20,"column":49},"end":{"line":24,"column":null}},"3":{"start":{"line":22,"column":13},"end":{"line":22,"column":null}},"4":{"start":{"line":26,"column":2},"end":{"line":28,"column":null}},"5":{"start":{"line":27,"column":4},"end":{"line":27,"column":null}},"6":{"start":{"line":30,"column":22},"end":{"line":30,"column":null}},"7":{"start":{"line":31,"column":24},"end":{"line":31,"column":null}},"8":{"start":{"line":33,"column":2},"end":{"line":89,"column":null}}},"fnMap":{"0":{"name":"Dashboard","decl":{"start":{"line":13,"column":24},"end":{"line":13,"column":36}},"loc":{"start":{"line":13,"column":36},"end":{"line":91,"column":null}},"line":13},"1":{"name":"(anonymous_1)","decl":{"start":{"line":22,"column":13},"end":{"line":22,"column":19}},"loc":{"start":{"line":22,"column":13},"end":{"line":22,"column":null}},"line":22}},"branchMap":{"0":{"loc":{"start":{"line":26,"column":2},"end":{"line":28,"column":null}},"type":"if","locations":[{"start":{"line":26,"column":2},"end":{"line":28,"column":null}},{"start":{},"end":{}}],"line":26},"1":{"loc":{"start":{"line":31,"column":24},"end":{"line":31,"column":null}},"type":"binary-expr","locations":[{"start":{"line":31,"column":24},"end":{"line":31,"column":57}},{"start":{"line":31,"column":57},"end":{"line":31,"column":null}}],"line":31},"2":{"loc":{"start":{"line":42,"column":19},"end":{"line":42,"column":null}},"type":"binary-expr","locations":[{"start":{"line":42,"column":19},"end":{"line":42,"column":49}},{"start":{"line":42,"column":49},"end":{"line":42,"column":null}}],"line":42},"3":{"loc":{"start":{"line":49,"column":19},"end":{"line":49,"column":null}},"type":"binary-expr","locations":[{"start":{"line":49,"column":19},"end":{"line":49,"column":51}},{"start":{"line":49,"column":51},"end":{"line":49,"column":null}}],"line":49},"4":{"loc":{"start":{"line":58,"column":19},"end":{"line":58,"column":null}},"type":"binary-expr","locations":[{"start":{"line":58,"column":19},"end":{"line":58,"column":49}},{"start":{"line":58,"column":49},"end":{"line":58,"column":null}}],"line":58},"5":{"loc":{"start":{"line":60,"column":19},"end":{"line":60,"column":null}},"type":"cond-expr","locations":[{"start":{"line":60,"column":48},"end":{"line":60,"column":57}},{"start":{"line":60,"column":57},"end":{"line":60,"column":null}}],"line":60},"6":{"loc":{"start":{"line":61,"column":24},"end":{"line":61,"column":null}},"type":"cond-expr","locations":[{"start":{"line":61,"column":53},"end":{"line":61,"column":61}},{"start":{"line":61,"column":61},"end":{"line":61,"column":null}}],"line":61},"7":{"loc":{"start":{"line":67,"column":19},"end":{"line":67,"column":null}},"type":"binary-expr","locations":[{"start":{"line":67,"column":19},"end":{"line":67,"column":51}},{"start":{"line":67,"column":51},"end":{"line":67,"column":null}}],"line":67},"8":{"loc":{"start":{"line":86,"column":29},"end":{"line":86,"column":43}},"type":"binary-expr","locations":[{"start":{"line":86,"column":29},"end":{"line":86,"column":39}},{"start":{"line":86,"column":39},"end":{"line":86,"column":43}}],"line":86}},"s":{"0":1,"1":12,"2":12,"3":6,"4":12,"5":6,"6":6,"7":12,"8":12},"f":{"0":12,"1":6},"b":{"0":[6,6],"1":[12,1],"2":[12,1],"3":[12,1],"4":[12,1],"5":[5,1],"6":[5,1],"7":[12,1],"8":[12,1]},"meta":{"lastBranch":9,"lastFunction":2,"lastStatement":9,"seen":{"s:11:18:11:Infinity":0,"f:13:24:13:36":0,"s:14:59:18:Infinity":1,"s:20:49:24:Infinity":2,"f:22:13:22:19":1,"s:22:13:22:Infinity":3,"b:26:2:28:Infinity:undefined:undefined:undefined:undefined":0,"s:26:2:28:Infinity":4,"s:27:4:27:Infinity":5,"s:30:22:30:Infinity":6,"s:31:24:31:Infinity":7,"b:31:24:31:57:31:57:31:Infinity":1,"s:33:2:89:Infinity":8,"b:42:19:42:49:42:49:42:Infinity":2,"b:49:19:49:51:49:51:49:Infinity":3,"b:58:19:58:49:58:49:58:Infinity":4,"b:60:48:60:57:60:57:60:Infinity":5,"b:61:53:61:61:61:61:61:Infinity":6,"b:67:19:67:51:67:51:67:Infinity":7,"b:86:29:86:39:86:39:86:43":8}}}}}
[34m % [39m[2mCoverage report from [22m[33mv8[39m
-------------------|---------|----------|---------|---------|-------------------
File               | % Stmts | % Branch | % Funcs | % Lines | Uncovered Line #s 
-------------------|---------|----------|---------|---------|-------------------
All files          |   99.16 |    95.54 |   98.71 |   99.14 |                   
 api               |     100 |    90.12 |     100 |     100 |                   
  alerts.ts        |     100 |      100 |     100 |     100 |                   
  client.ts        |     100 |      100 |     100 |     100 |                   
  devices.ts       |     100 |       96 |     100 |     100 | 11                
  health.ts        |     100 |      100 |     100 |     100 |                   
  monitoring.ts    |     100 |    81.57 |     100 |     100 | 121-137           
  streams.ts       |     100 |      100 |     100 |     100 |                   
 ...s/common/Empty |     100 |      100 |     100 |     100 |                   
  Empty.tsx        |     100 |      100 |     100 |     100 |                   
 .../ErrorBoundary |   77.77 |       75 |      80 |   77.77 |                   
  ...rBoundary.tsx |   77.77 |       75 |      80 |   77.77 | 27-28             
 .../common/Layout |     100 |      100 |     100 |     100 |                   
  Header.tsx       |     100 |      100 |     100 |     100 |                   
  Layout.tsx       |     100 |      100 |     100 |     100 |                   
  Sidebar.tsx      |     100 |      100 |     100 |     100 |                   
 ...common/Loading |     100 |      100 |     100 |     100 |                   
  Loading.tsx      |     100 |      100 |     100 |     100 |                   
 .../ProtocolBadge |     100 |      100 |     100 |     100 |                   
  ...ocolBadge.tsx |     100 |      100 |     100 |     100 |                   
 ...ents/dashboard |     100 |      100 |     100 |     100 |                   
  AlertList.tsx    |     100 |      100 |     100 |     100 |                   
  ...ocolChart.tsx |     100 |      100 |     100 |     100 |                   
  ...urceChart.tsx |     100 |      100 |     100 |     100 |                   
  StatsCard.tsx    |     100 |      100 |     100 |     100 |                   
 components/video  |     100 |      100 |     100 |     100 |                   
  FLVPlayer.tsx    |     100 |      100 |     100 |     100 |                   
  HLSPlayer.tsx    |     100 |      100 |     100 |     100 |                   
 pages             |     100 |      100 |     100 |     100 |                   
  Dashboard.tsx    |     100 |      100 |     100 |     100 |                   
 utils             |     100 |      100 |     100 |     100 |                   
  constants.ts     |     100 |      100 |     100 |     100 |                   
-------------------|---------|----------|---------|---------|-------------------
